[Info] [carb] Logging to file: /home/mateo/github/h12_sim_exts/kit-extension-template-cpp/_build/linux-x86_64/release/logs/Kit/exts.deps.generated/0.0/kit_20251110_185552.log
2025-11-11T01:55:52Z [0ms] [Info] [carb.crashreporter-breakpad.plugin] upload enabled: true
2025-11-11T01:55:52Z [0ms] [Info] [omni.kit.app.plugin] App Name: 'exts.deps.generated', App Version: '0.0.0', Kit Version: '108.0.0+feature.221586.5941509b.gl', Kernel Version: '208.1.1+release.9884.23131486.gl'
2025-11-11T01:55:52Z [0ms] [Info] [omni.kit.app.plugin] Cmd: /home/mateo/github/h12_sim_exts/kit-extension-template-cpp/_build/linux-x86_64/release/kit/kit /home/mateo/github/h12_sim_exts/kit-extension-template-cpp/source/apps/exts.deps.generated.kit --allow-root --portable --ext-precache-mode --/crashreporter/gatherUserStory=0 --/app/settings/persistent=0 --/app/settings/loadUserConfig=0 --/app/extensions/generateVersionLock=1 --/app/extensions/parallelPullEnabled=1 --/app/enableStdoutOutput=1 --/app/extensions/detailedSolverExplanation=1 --/app/extensions/registryEnabled=1 --/app/extensions/mkdirExtFolders=0 --/app/extensions/registryCacheFull='/home/mateo/github/h12_sim_exts/kit-extension-template-cpp/_build/linux-x86_64/release/extscache' --/log/flushStandardStreamOutput=1 "--/exts/omni.kit.registry.nucleus/registries/0/name="kit/default"" "--/exts/omni.kit.registry.nucleus/registries/0/url="https://ovextensionsprod.blob.core.windows.net/exts/kit/prod/${kit_version_major}/shared"" "--/exts/omni.kit.registry.nucleus/registries/1/name="kit/sdk"" "--/exts/omni.kit.registry.nucleus/registries/1/url="https://ovextensionsprod.blob.core.windows.net/exts/kit/prod/sdk/${kit_version_short}/${kit_git_hash}"" --/app/extensions/target/config=release --ext-folder /home/mateo/github/h12_sim_exts/kit-extension-template-cpp/source/extensions --ext-folder /home/mateo/github/h12_sim_exts/kit-extension-template-cpp/source/apps --/app/extensions/generateVersionLockSkipLocalExts=1 --portable-root /home/mateo/github/h12_sim_exts/kit-extension-template-cpp/_build/linux-x86_64/release --/app/extensions/generateVersionLockSkipLocalExts=1
2025-11-11T01:55:52Z [0ms] [Info] [omni.kit.app.plugin] Applied configs: [/home/mateo/.cache/packman/chk/kit-kernel/108.0.0+feature.221586.5941509b.gl.manylinux_2_35_x86_64.release/kernel/config/kit-core.json, /home/mateo/github/h12_sim_exts/kit-extension-template-cpp/source/apps/exts.deps.generated.kit]
2025-11-11T01:55:52Z [0ms] [Info] [omni.kit.app.plugin] Non-existent configs: [/home/mateo/github/h12_sim_exts/kit-extension-template-cpp/_build/linux-x86_64/release/omni_configs/privacy.toml, /home/mateo/github/h12_sim_exts/kit-extension-template-cpp/source/apps/exts.deps.generated.gen.kit, /home/mateo/Documents/Kit/shared/user.toml, /home/mateo/github/h12_sim_exts/kit-extension-template-cpp/source/apps/deps/user.toml, /home/mateo/github/h12_sim_exts/kit-extension-template-cpp/source/apps/deps/exts.deps.generated/user.toml, /home/mateo/github/h12_sim_exts/kit-extension-template-cpp/source/deps/user.toml, /home/mateo/github/h12_sim_exts/kit-extension-template-cpp/source/deps/exts.deps.generated/user.toml, /home/mateo/github/h12_sim_exts/kit-extension-template-cpp/deps/user.toml, /home/mateo/github/h12_sim_exts/kit-extension-template-cpp/deps/exts.deps.generated/user.toml, /home/mateo/github/h12_sim_exts/deps/user.toml, /home/mateo/github/h12_sim_exts/deps/exts.deps.generated/user.toml, /home/mateo/github/deps/user.toml, /home/mateo/github/deps/exts.deps.generated/user.toml, /usr/share/NVIDIA Corporation/kit/kit.config.toml, /usr/share/NVIDIA Corporation/kit/exts.deps.generated/kit.config.toml]
2025-11-11T01:55:52Z [0ms] [Info] [omni.kit.app.plugin] Portable Root: '/home/mateo/github/h12_sim_exts/kit-extension-template-cpp/_build/linux-x86_64/release'
2025-11-11T01:55:52Z [0ms] [Info] [omni.kit.app.plugin] Tokens:
{
    "exe-path": "/home/mateo/.cache/packman/chk/kit-kernel/108.0.0+feature.221586.5941509b.gl.manylinux_2_35_x86_64.release",
    "exe-filename": "kit",
    "local-config-path": "/home/mateo/github/h12_sim_exts/kit-extension-template-cpp",
    "custom-config-path": "/home/mateo/github/h12_sim_exts/kit-extension-template-cpp",
    "cli-config-path": "/home/mateo/github/h12_sim_exts/kit-extension-template-cpp",
    "omni_config": "/home/mateo/github/h12_sim_exts/kit-extension-template-cpp/_build/linux-x86_64/release/omni_configs",
    "omni_data": "/home/mateo/github/h12_sim_exts/kit-extension-template-cpp/_build/linux-x86_64/release/data",
    "omni_logs": "/home/mateo/github/h12_sim_exts/kit-extension-template-cpp/_build/linux-x86_64/release/logs",
    "omni_cache": "/home/mateo/github/h12_sim_exts/kit-extension-template-cpp/_build/linux-x86_64/release/cache",
    "omni_global_config": "/home/mateo/.nvidia-omniverse/config",
    "omni_global_data": "/home/mateo/.local/share/ov/data",
    "omni_global_logs": "/home/mateo/.nvidia-omniverse/logs",
    "omni_global_cache": "/home/mateo/.cache/ov",
    "temp": "/tmp/carb.aqKhoY",
    "kit": "/home/mateo/.cache/packman/chk/kit-kernel/108.0.0+feature.221586.5941509b.gl.manylinux_2_35_x86_64.release",
    "drive": "/",
    "app": "/home/mateo/github/h12_sim_exts/kit-extension-template-cpp/source/apps",
    "resources": "/home/mateo/.cache/packman/chk/kit-kernel/108.0.0+feature.221586.5941509b.gl.manylinux_2_35_x86_64.release/resources",
    "fonts": "/home/mateo/.cache/packman/chk/kit-kernel/108.0.0+feature.221586.5941509b.gl.manylinux_2_35_x86_64.release/resources/fonts",
    "glyphs": "/home/mateo/.cache/packman/chk/kit-kernel/108.0.0+feature.221586.5941509b.gl.manylinux_2_35_x86_64.release/resources/glyphs",
    "icons": "/home/mateo/.cache/packman/chk/kit-kernel/108.0.0+feature.221586.5941509b.gl.manylinux_2_35_x86_64.release/resources/icons",
    "sounds": "/home/mateo/.cache/packman/chk/kit-kernel/108.0.0+feature.221586.5941509b.gl.manylinux_2_35_x86_64.release/resources/sounds",
    "models": "/home/mateo/.cache/packman/chk/kit-kernel/108.0.0+feature.221586.5941509b.gl.manylinux_2_35_x86_64.release/resources/models",
    "materials": "/home/mateo/.cache/packman/chk/kit-kernel/108.0.0+feature.221586.5941509b.gl.manylinux_2_35_x86_64.release/resources/materials",
    "config": "release",
    "platform": "linux-x86_64",
    "bindings_ext": ".so",
    "exe_ext": "",
    "shell_ext": ".sh",
    "lib_ext": ".so",
    "lib_prefix": "lib",
    "session_id": "7668897096256545185",
    "omni_documents": "/home/mateo/Documents",
    "shared_documents": "/home/mateo/Documents/Kit/shared",
    "omni_program_data": "/usr/share",
    "shared_program_data": "/usr/share/NVIDIA Corporation/kit",
    "app_program_data": "/usr/share/NVIDIA Corporation/kit/exts.deps.generated",
    "kit_version": "108.0.0+feature.221586.5941509b.gl",
    "usd_version": "25.02",
    "python_version": "3.12",
    "python": "/home/mateo/.cache/packman/chk/kit-kernel/108.0.0+feature.221586.5941509b.gl.manylinux_2_35_x86_64.release/python/bin/python3",
    "kit_version_short": "108.0",
    "kit_version_major": "108",
    "kit_version_minor": "0",
    "kit_version_patch": "0",
    "kit_git_hash": "5941509b",
    "app_version": "0.0.0",
    "app_version_short": "0.0",
    "app_name": "exts.deps.generated",
    "app_filename": "exts.deps.generated",
    "data": "/home/mateo/github/h12_sim_exts/kit-extension-template-cpp/_build/linux-x86_64/release/data/Kit/exts.deps.generated/0.0",
    "logs": "/home/mateo/github/h12_sim_exts/kit-extension-template-cpp/_build/linux-x86_64/release/logs/Kit/exts.deps.generated/0.0",
    "cache": "/home/mateo/github/h12_sim_exts/kit-extension-template-cpp/_build/linux-x86_64/release/cache/Kit/108.0/5941509b",
    "appcache": "/home/mateo/.cache/packman/chk/kit-kernel/108.0.0+feature.221586.5941509b.gl.manylinux_2_35_x86_64.release/cache/Kit/108.0/5941509b",
    "cache_postfix": "Kit/108.0/5941509b",
    "app_documents": "/home/mateo/Documents/Kit/apps/exts.deps.generated",
    "documents": "/home/mateo/Documents/Kit/apps/exts.deps.generated",
    "start_timestamp": "20251110_185552"
}
2025-11-11T01:55:52Z [0ms] [Info] [carb] Plugin carb.profiler-cpu.plugin is already a dependency of carb.tasking.plugin; not changing unload order
2025-11-11T01:55:52Z [1ms] [Info] [omni.ext.plugin] Extension path: '/home/mateo/github/h12_sim_exts/kit-extension-template-cpp/source/extscache/' doesn't exist.
2025-11-11T01:55:52Z [1ms] [Info] [omni.ext.plugin] Extension path: '/home/mateo/github/h12_sim_exts/kit-extension-template-cpp/source/exts' doesn't exist.
2025-11-11T01:55:52Z [1ms] [Info] [omni.ext.plugin] Extension path: '/home/mateo/Documents/Kit/apps/exts.deps.generated/exts' doesn't exist.
2025-11-11T01:55:52Z [1ms] [Info] [omni.ext.plugin] [ext manager] preferLocalVersions: 1
2025-11-11T01:55:52Z [1ms] [Info] [omni.ext.plugin] Extension system targets:
2025-11-11T01:55:52Z [1ms] [Info] [omni.ext.plugin]   kitHash: 5941509b
2025-11-11T01:55:52Z [1ms] [Info] [omni.ext.plugin]   config: release
2025-11-11T01:55:52Z [1ms] [Info] [omni.ext.plugin]   python: cp312
2025-11-11T01:55:52Z [1ms] [Info] [omni.ext.plugin]   usd: u81f8+stock+25.02+cxx11
2025-11-11T01:55:52Z [1ms] [Info] [omni.ext.plugin]   platform: linux-x86_64
2025-11-11T01:55:52Z [1ms] [Info] [omni.ext.plugin]   kit: 108.0.0
2025-11-11T01:55:52Z [1ms] [Info] [omni.ext.plugin] Searching for extensions in: '/home/mateo/github/h12_sim_exts/kit-extension-template-cpp/source/apps/exts.deps.generated.kit' (path type: 1, dev: 0)
2025-11-11T01:55:52Z [1ms] [Info] [omni.ext.plugin] Searching for extensions in: '/home/mateo/github/h12_sim_exts/kit-extension-template-cpp/_build/linux-x86_64/release/extscache' (path type: 4, dev: 0)
2025-11-11T01:55:52Z [1ms] [Info] [omni.ext.plugin] Searching for extensions in: '/home/mateo/github/h12_sim_exts/kit-extension-template-cpp/source/apps' (path type: 0, dev: 0)
2025-11-11T01:55:52Z [1ms] [Info] [omni.ext.plugin] Searching for extensions in: '/home/mateo/github/h12_sim_exts/kit-extension-template-cpp/source/extensions' (path type: 0, dev: 0)
2025-11-11T01:55:52Z [1ms] [Info] [omni.ext.plugin] Searching for extensions in: '/home/mateo/.cache/packman/chk/kit-kernel/108.0.0+feature.221586.5941509b.gl.manylinux_2_35_x86_64.release/extsPhysics' (path type: 0, dev: 0)
2025-11-11T01:55:52Z [1ms] [Info] [omni.ext.plugin] Searching for extensions in: '/home/mateo/Documents/Kit/shared/exts' (path type: 0, dev: 0)
2025-11-11T01:55:52Z [1ms] [Info] [omni.ext.plugin] Searching for extensions in: '/home/mateo/.cache/packman/chk/kit-kernel/108.0.0+feature.221586.5941509b.gl.manylinux_2_35_x86_64.release/extscore' (path type: 0, dev: 0)
2025-11-11T01:55:52Z [1ms] [Info] [omni.ext.plugin] Searching for extensions in: '/home/mateo/.cache/packman/chk/kit-kernel/108.0.0+feature.221586.5941509b.gl.manylinux_2_35_x86_64.release/exts' (path type: 0, dev: 0)
2025-11-11T01:55:52Z [1ms] [Info] [omni.ext.plugin] [ext: omni.graph.tools-1.79.3] registered (path: /home/mateo/github/h12_sim_exts/kit-extension-template-cpp/_build/linux-x86_64/release/extscache/omni.graph.tools-1.79.3+5941509b)
2025-11-11T01:55:52Z [1ms] [Info] [omni.ext.plugin] Searching for extensions in: '/home/mateo/.cache/packman/chk/kit-kernel/108.0.0+feature.221586.5941509b.gl.manylinux_2_35_x86_64.release/apps' (path type: 0, dev: 0)
2025-11-11T01:55:52Z [2ms] [Info] [omni.ext.plugin] [ext: omni.kit.exec.core-0.13.4] registered (path: /home/mateo/github/h12_sim_exts/kit-extension-template-cpp/_build/linux-x86_64/release/extscache/omni.kit.exec.core-0.13.4+5941509b.lx64.r.cp312)
2025-11-11T01:55:52Z [2ms] [Info] [omni.ext.plugin] [ext: omni.uiaudio-1.0.0] registered (path: /home/mateo/github/h12_sim_exts/kit-extension-template-cpp/_build/linux-x86_64/release/extscache/omni.uiaudio-1.0.0+5941509b.lx64.r.cp312)
2025-11-11T01:55:52Z [2ms] [Info] [omni.ext.plugin] [ext: omni.example.python.ui-1.0.0] registered (path: /home/mateo/github/h12_sim_exts/kit-extension-template-cpp/source/extensions/omni.example.python.ui)
2025-11-11T01:55:52Z [2ms] [Info] [omni.ext.plugin] [ext: omni.kit.usd_undo-0.1.8] registered (path: /home/mateo/github/h12_sim_exts/kit-extension-template-cpp/_build/linux-x86_64/release/extscache/omni.kit.usd_undo-0.1.8+5941509b)
2025-11-11T01:55:52Z [2ms] [Info] [omni.ext.plugin] [ext: omni.kit.pip_archive-0.0.0] registered (path: /home/mateo/github/h12_sim_exts/kit-extension-template-cpp/_build/linux-x86_64/release/extscache/omni.kit.pip_archive-0.0.0+5941509b.lx64.cp312)
2025-11-11T01:55:52Z [2ms] [Info] [omni.ext.plugin] [ext: omni.gpu_foundation.shadercache.vulkan-1.0.0] registered (path: /home/mateo/github/h12_sim_exts/kit-extension-template-cpp/_build/linux-x86_64/release/extscache/omni.gpu_foundation.shadercache.vulkan-1.0.0+5941509b.lx64.r)
2025-11-11T01:55:52Z [2ms] [Info] [omni.ext.plugin] [ext: omni.kit.ui_test-1.4.1] registered (path: /home/mateo/github/h12_sim_exts/kit-extension-template-cpp/_build/linux-x86_64/release/extscache/omni.kit.ui_test-1.4.1+5941509b)
2025-11-11T01:55:52Z [2ms] [Info] [omni.ext.plugin] [ext: omni.example.cpp.tasking-1.0.0] registered (path: /home/mateo/github/h12_sim_exts/kit-extension-template-cpp/source/extensions/omni.example.cpp.tasking)
2025-11-11T01:55:52Z [2ms] [Info] [omni.ext.plugin] [ext: omni.kit.usd.layers-2.3.2] registered (path: /home/mateo/github/h12_sim_exts/kit-extension-template-cpp/_build/linux-x86_64/release/extscache/omni.kit.usd.layers-2.3.2+5941509b.lx64.r.cp312)
2025-11-11T01:55:52Z [2ms] [Info] [omni.ext.plugin] [ext: omni.assets.plugins-0.0.0] registered (path: /home/mateo/github/h12_sim_exts/kit-extension-template-cpp/_build/linux-x86_64/release/extscache/omni.assets.plugins-0.0.0+5941509b.lx64.r)
2025-11-11T01:55:52Z [2ms] [Info] [omni.ext.plugin] [ext: omni.localcache-108.0.4] registered (path: /home/mateo/github/h12_sim_exts/kit-extension-template-cpp/_build/linux-x86_64/release/extscache/omni.localcache-108.0.4+108.0.0.lx64.r.cp312.u81f)
2025-11-11T01:55:52Z [2ms] [Info] [omni.ext.plugin] [ext: omni.physx.cooking-108.0.4] registered (path: /home/mateo/github/h12_sim_exts/kit-extension-template-cpp/_build/linux-x86_64/release/extscache/omni.physx.cooking-108.0.4+108.0.0.lx64.r.cp312.u81f)
2025-11-11T01:55:52Z [2ms] [Info] [omni.ext.plugin] [ext: omni.kit.test-2.0.1] registered (path: /home/mateo/github/h12_sim_exts/kit-extension-template-cpp/_build/linux-x86_64/release/extscache/omni.kit.test-2.0.1+5941509b.lx64.r.cp312)
2025-11-11T01:55:52Z [2ms] [Info] [omni.ext.plugin] [ext: omni.usdphysics-108.0.4] registered (path: /home/mateo/github/h12_sim_exts/kit-extension-template-cpp/_build/linux-x86_64/release/extscache/omni.usdphysics-108.0.4+108.0.0.lx64.r.cp312.u81f)
2025-11-11T01:55:52Z [2ms] [Info] [omni.ext.plugin] [ext: omni.timeline-1.1.0] registered (path: /home/mateo/github/h12_sim_exts/kit-extension-template-cpp/_build/linux-x86_64/release/extscache/omni.timeline-1.1.0+5941509b.lx64.r.cp312)
2025-11-11T01:55:52Z [2ms] [Info] [omni.ext.plugin] [ext: omni.example.python.usdrt-1.0.1] registered (path: /home/mateo/github/h12_sim_exts/kit-extension-template-cpp/source/extensions/omni.example.python.usdrt)
2025-11-11T01:55:52Z [2ms] [Info] [omni.ext.plugin] [ext: omni.client.lib-1.1.0] registered (path: /home/mateo/.cache/packman/chk/kit-kernel/108.0.0+feature.221586.5941509b.gl.manylinux_2_35_x86_64.release/extscore/omni.client.lib)
2025-11-11T01:55:52Z [2ms] [Info] [omni.ext.plugin] [ext: omni.app.example.viewport-0.0.0] registered (path: /home/mateo/github/h12_sim_exts/kit-extension-template-cpp/source/apps/omni.app.example.viewport.kit)
2025-11-11T01:55:52Z [2ms] [Info] [omni.ext.plugin] [ext: carb.audio-0.1.0] registered (path: /home/mateo/github/h12_sim_exts/kit-extension-template-cpp/_build/linux-x86_64/release/extscache/carb.audio-0.1.0+5941509b.lx64.r.cp312)
2025-11-11T01:55:52Z [2ms] [Info] [omni.ext.plugin] [ext: omni.example.python.hello_world-1.0.0] registered (path: /home/mateo/github/h12_sim_exts/kit-extension-template-cpp/source/extensions/omni.example.python.hello_world)
2025-11-11T01:55:52Z [2ms] [Info] [omni.ext.plugin] [ext: omni.app.dev-1.0.0] registered (path: /home/mateo/.cache/packman/chk/kit-kernel/108.0.0+feature.221586.5941509b.gl.manylinux_2_35_x86_64.release/apps/omni.app.dev.kit)
2025-11-11T01:55:52Z [2ms] [Info] [omni.ext.plugin] [ext: omni.example.cpp.usd-1.0.1] registered (path: /home/mateo/github/h12_sim_exts/kit-extension-template-cpp/source/extensions/omni.example.cpp.usd)
2025-11-11T01:55:52Z [2ms] [Info] [omni.ext.plugin] [ext: omni.usd_resolver-1.0.0] registered (path: /home/mateo/github/h12_sim_exts/kit-extension-template-cpp/_build/linux-x86_64/release/extscache/omni.usd_resolver-1.0.0+5941509b.lx64.r.cp312)
2025-11-11T01:55:52Z [2ms] [Info] [omni.ext.plugin] [ext: omni.physx.foundation-108.0.4] registered (path: /home/mateo/github/h12_sim_exts/kit-extension-template-cpp/_build/linux-x86_64/release/extscache/omni.physx.foundation-108.0.4+108.0.0.lx64.r.cp312.u81f)
2025-11-11T01:55:52Z [2ms] [Info] [omni.ext.plugin] [ext: omni.usd.schema.physx-108.0.4] registered (path: /home/mateo/github/h12_sim_exts/kit-extension-template-cpp/_build/linux-x86_64/release/extscache/omni.usd.schema.physx-108.0.4+108.0.0.lx64.r.cp312.u81f)
2025-11-11T01:55:52Z [2ms] [Info] [omni.ext.plugin] [ext: h12_asset_ext-0.0.1] registered (path: /home/mateo/github/h12_sim_exts/kit-extension-template-cpp/source/extensions/h12_asset_ext)
2025-11-11T01:55:52Z [2ms] [Info] [omni.ext.plugin] [ext: omni.usd.schema.omnigraph-1.0.0] registered (path: /home/mateo/github/h12_sim_exts/kit-extension-template-cpp/_build/linux-x86_64/release/extscache/omni.usd.schema.omnigraph-1.0.0+5941509b.lx64.r.cp312)
2025-11-11T01:55:52Z [2ms] [Info] [omni.ext.plugin] [ext: omni.blobkey-1.1.2] registered (path: /home/mateo/github/h12_sim_exts/kit-extension-template-cpp/_build/linux-x86_64/release/extscache/omni.blobkey-1.1.2+5941509b.lx64.r)
2025-11-11T01:55:52Z [2ms] [Info] [omni.ext.plugin] [ext: omni.kit.registry.nucleus-0.0.0] registered (path: /home/mateo/.cache/packman/chk/kit-kernel/108.0.0+feature.221586.5941509b.gl.manylinux_2_35_x86_64.release/extscore/omni.kit.registry.nucleus)
2025-11-11T01:55:52Z [2ms] [Info] [omni.ext.plugin] [ext: omni.client-1.3.0] registered (path: /home/mateo/github/h12_sim_exts/kit-extension-template-cpp/_build/linux-x86_64/release/extscache/omni.client-1.3.0+5941509b.lx64.r)
2025-11-11T01:55:52Z [2ms] [Info] [omni.ext.plugin] [ext: omni.kit.renderer.init-0.0.0] registered (path: /home/mateo/github/h12_sim_exts/kit-extension-template-cpp/_build/linux-x86_64/release/extscache/omni.kit.renderer.init-0.0.0+5941509b.lx64.r)
2025-11-11T01:55:52Z [2ms] [Info] [omni.ext.plugin] [ext: omni.example.cpp.ui_widget-1.0.1] registered (path: /home/mateo/github/h12_sim_exts/kit-extension-template-cpp/source/extensions/omni.example.cpp.ui_widget)
2025-11-11T01:55:52Z [2ms] [Info] [omni.ext.plugin] [ext: omni.app.full-1.0.1] registered (path: /home/mateo/.cache/packman/chk/kit-kernel/108.0.0+feature.221586.5941509b.gl.manylinux_2_35_x86_64.release/apps/omni.app.full.kit)
2025-11-11T01:55:52Z [2ms] [Info] [omni.ext.plugin] [ext: carb.windowing.plugins-1.0.0] registered (path: /home/mateo/github/h12_sim_exts/kit-extension-template-cpp/_build/linux-x86_64/release/extscache/carb.windowing.plugins-1.0.0+5941509b.lx64.r)
2025-11-11T01:55:52Z [2ms] [Info] [omni.ext.plugin] [ext: omni.kit.primitive.mesh-1.0.17] registered (path: /home/mateo/github/h12_sim_exts/kit-extension-template-cpp/_build/linux-x86_64/release/extscache/omni.kit.primitive.mesh-1.0.17+5941509b)
2025-11-11T01:55:52Z [2ms] [Info] [omni.ext.plugin] [ext: omni.app.hydra-1.0.0] registered (path: /home/mateo/.cache/packman/chk/kit-kernel/108.0.0+feature.221586.5941509b.gl.manylinux_2_35_x86_64.release/apps/omni.app.hydra.kit)
2025-11-11T01:55:52Z [2ms] [Info] [omni.ext.plugin] [ext: omni.example.cpp.hello_world-1.0.0] registered (path: /home/mateo/github/h12_sim_exts/kit-extension-template-cpp/source/extensions/omni.example.cpp.hello_world)
2025-11-11T01:55:52Z [2ms] [Info] [omni.ext.plugin] [ext: omni.kit.actions.core-1.0.0] registered (path: /home/mateo/github/h12_sim_exts/kit-extension-template-cpp/_build/linux-x86_64/release/extscache/omni.kit.actions.core-1.0.0+5941509b.lx64.r.cp312)
2025-11-11T01:55:52Z [2ms] [Info] [omni.ext.plugin] [ext: omni.example.cpp.usd_physics-1.0.1] registered (path: /home/mateo/github/h12_sim_exts/kit-extension-template-cpp/source/extensions/omni.example.cpp.usd_physics)
2025-11-11T01:55:52Z [2ms] [Info] [omni.ext.plugin] [ext: omni.kit.async_engine-0.0.3] registered (path: /home/mateo/.cache/packman/chk/kit-kernel/108.0.0+feature.221586.5941509b.gl.manylinux_2_35_x86_64.release/extscore/omni.kit.async_engine)
2025-11-11T01:55:52Z [2ms] [Info] [omni.ext.plugin] [ext: omni.example.python.usdrt_mesh-0.0.1] registered (path: /home/mateo/github/h12_sim_exts/kit-extension-template-cpp/source/extensions/omni.example.python.usdrt_mesh)
2025-11-11T01:55:52Z [2ms] [Info] [omni.ext.plugin] [ext: omni.kit.mainwindow-1.0.3] registered (path: /home/mateo/github/h12_sim_exts/kit-extension-template-cpp/_build/linux-x86_64/release/extscache/omni.kit.mainwindow-1.0.3+5941509b)
2025-11-11T01:55:52Z [2ms] [Info] [omni.ext.plugin] [ext: omni.cubric-0.1.0] registered (path: /home/mateo/github/h12_sim_exts/kit-extension-template-cpp/_build/linux-x86_64/release/extscache/omni.cubric-0.1.0+5941509b.lx64.r)
2025-11-11T01:55:52Z [2ms] [Info] [omni.ext.plugin] [ext: omni.protobuf.lib-1.0.0] registered (path: /home/mateo/github/h12_sim_exts/kit-extension-template-cpp/_build/linux-x86_64/release/extscache/omni.protobuf.lib-1.0.0+5941509b.lx64.r)
2025-11-11T01:55:52Z [2ms] [Info] [omni.ext.plugin] [ext: omni.gpucompute.plugins-0.0.0] registered (path: /home/mateo/github/h12_sim_exts/kit-extension-template-cpp/_build/linux-x86_64/release/extscache/omni.gpucompute.plugins-0.0.0+5941509b.lx64.r)
2025-11-11T01:55:52Z [2ms] [Info] [omni.ext.plugin] [ext: omni.kit.renderer.core-1.1.1] registered (path: /home/mateo/github/h12_sim_exts/kit-extension-template-cpp/_build/linux-x86_64/release/extscache/omni.kit.renderer.core-1.1.1+5941509b.lx64.r.cp312)
2025-11-11T01:55:52Z [2ms] [Info] [omni.ext.plugin] [ext: omni.convexdecomposition-108.0.4] registered (path: /home/mateo/github/h12_sim_exts/kit-extension-template-cpp/_build/linux-x86_64/release/extscache/omni.convexdecomposition-108.0.4+108.0.0.lx64.r.cp312.u81f)
2025-11-11T01:55:52Z [2ms] [Info] [omni.ext.plugin] [ext: omni.kit.pipapi-0.0.0] registered (path: /home/mateo/github/h12_sim_exts/kit-extension-template-cpp/_build/linux-x86_64/release/extscache/omni.kit.pipapi-0.0.0+5941509b)
2025-11-11T01:55:52Z [2ms] [Info] [omni.ext.plugin] [ext: omni.appwindow-1.2.0] registered (path: /home/mateo/github/h12_sim_exts/kit-extension-template-cpp/_build/linux-x86_64/release/extscache/omni.appwindow-1.2.0+5941509b.lx64.r.cp312)
2025-11-11T01:55:52Z [2ms] [Info] [omni.ext.plugin] [ext: omni.kit.loop-default-0.2.2] registered (path: /home/mateo/github/h12_sim_exts/kit-extension-template-cpp/_build/linux-x86_64/release/extscache/omni.kit.loop-default-0.2.2+5941509b.lx64.r)
2025-11-11T01:55:52Z [2ms] [Info] [omni.ext.plugin] [ext: omni.metrics.core-0.0.3] registered (path: /home/mateo/github/h12_sim_exts/kit-extension-template-cpp/_build/linux-x86_64/release/extscache/omni.metrics.core-0.0.3+5941509b.lx64.r)
2025-11-11T01:55:52Z [2ms] [Info] [omni.ext.plugin] [ext: omni.app.empty-0.1.0] registered (path: /home/mateo/.cache/packman/chk/kit-kernel/108.0.0+feature.221586.5941509b.gl.manylinux_2_35_x86_64.release/apps/omni.app.empty.kit)
2025-11-11T01:55:52Z [2ms] [Info] [omni.ext.plugin] [ext: omni.kit.renderer.capture-1.0.2] registered (path: /home/mateo/github/h12_sim_exts/kit-extension-template-cpp/_build/linux-x86_64/release/extscache/omni.kit.renderer.capture-1.0.2+5941509b.lx64.r.cp312)
2025-11-11T01:55:52Z [2ms] [Info] [omni.ext.plugin] [ext: omni.usd.core-1.5.4] registered (path: /home/mateo/github/h12_sim_exts/kit-extension-template-cpp/_build/linux-x86_64/release/extscache/omni.usd.core-1.5.4+5941509b.lx64.r)
2025-11-11T01:55:52Z [2ms] [Info] [omni.ext.plugin] [ext: omni.kvdb-108.0.4] registered (path: /home/mateo/github/h12_sim_exts/kit-extension-template-cpp/_build/linux-x86_64/release/extscache/omni.kvdb-108.0.4+108.0.0.lx64.r.cp312.u81f)
2025-11-11T01:55:52Z [2ms] [Info] [omni.ext.plugin] [ext: omni.ui_query-1.1.8] registered (path: /home/mateo/github/h12_sim_exts/kit-extension-template-cpp/_build/linux-x86_64/release/extscache/omni.ui_query-1.1.8+5941509b)
2025-11-11T01:55:52Z [2ms] [Info] [omni.ext.plugin] [ext: omni.gpu_foundation-0.0.0] registered (path: /home/mateo/github/h12_sim_exts/kit-extension-template-cpp/_build/linux-x86_64/release/extscache/omni.gpu_foundation-0.0.0+5941509b.lx64.r.cp312)
2025-11-11T01:55:52Z [2ms] [Info] [omni.ext.plugin] [ext: omni.physics.stageupdate-108.0.4] registered (path: /home/mateo/github/h12_sim_exts/kit-extension-template-cpp/_build/linux-x86_64/release/extscache/omni.physics.stageupdate-108.0.4+108.0.0.lx64.r.cp312.u81f)
2025-11-11T01:55:52Z [2ms] [Info] [omni.ext.plugin] [ext: omni.example.cpp.omnigraph_node-1.0.2] registered (path: /home/mateo/github/h12_sim_exts/kit-extension-template-cpp/source/extensions/omni.example.cpp.omnigraph_node)
2025-11-11T01:55:52Z [2ms] [Info] [omni.ext.plugin] [ext: omni.physx-108.0.4] registered (path: /home/mateo/github/h12_sim_exts/kit-extension-template-cpp/_build/linux-x86_64/release/extscache/omni.physx-108.0.4+108.0.0.lx64.r.cp312.u81f)
2025-11-11T01:55:52Z [2ms] [Info] [omni.ext.plugin] [ext: omni.grpc.lib-1.0.0] registered (path: /home/mateo/github/h12_sim_exts/kit-extension-template-cpp/_build/linux-x86_64/release/extscache/omni.grpc.lib-1.0.0+5941509b.lx64.r)
2025-11-11T01:55:52Z [2ms] [Info] [omni.ext.plugin] [ext: omni.app.viewport-1.0.0] registered (path: /home/mateo/.cache/packman/chk/kit-kernel/108.0.0+feature.221586.5941509b.gl.manylinux_2_35_x86_64.release/apps/omni.app.viewport.kit)
2025-11-11T01:55:52Z [2ms] [Info] [omni.ext.plugin] [ext: omni.app.mini-0.1.1] registered (path: /home/mateo/.cache/packman/chk/kit-kernel/108.0.0+feature.221586.5941509b.gl.manylinux_2_35_x86_64.release/apps/omni.app.mini.kit)
2025-11-11T01:55:52Z [2ms] [Info] [omni.ext.plugin] [ext: omni.app.kit.dev-1.0.0] registered (path: /home/mateo/github/h12_sim_exts/kit-extension-template-cpp/source/apps/omni.app.kit.dev.kit)
2025-11-11T01:55:52Z [2ms] [Info] [omni.ext.plugin] [ext: omni.kit.uiapp-0.0.0] registered (path: /home/mateo/github/h12_sim_exts/kit-extension-template-cpp/_build/linux-x86_64/release/extscache/omni.kit.uiapp-0.0.0+5941509b)
2025-11-11T01:55:52Z [2ms] [Info] [omni.ext.plugin] [ext: omni.kit.audiodeviceenum-1.0.2] registered (path: /home/mateo/github/h12_sim_exts/kit-extension-template-cpp/_build/linux-x86_64/release/extscache/omni.kit.audiodeviceenum-1.0.2+5941509b.lx64.r.cp312)
2025-11-11T01:55:52Z [2ms] [Info] [omni.ext.plugin] [ext: omni.example.cpp.usdrt-1.0.2] registered (path: /home/mateo/github/h12_sim_exts/kit-extension-template-cpp/source/extensions/omni.example.cpp.usdrt)
2025-11-11T01:55:52Z [2ms] [Info] [omni.ext.plugin] [ext: omni.datastore-0.0.0] registered (path: /home/mateo/github/h12_sim_exts/kit-extension-template-cpp/_build/linux-x86_64/release/extscache/omni.datastore-0.0.0+5941509b.lx64.r)
2025-11-11T01:55:52Z [2ms] [Info] [omni.ext.plugin] [ext: omni.usd.libs-1.0.1] registered (path: /home/mateo/github/h12_sim_exts/kit-extension-template-cpp/_build/linux-x86_64/release/extscache/omni.usd.libs-1.0.1+5941509b.lx64.r.cp312)
2025-11-11T01:55:52Z [2ms] [Info] [omni.ext.plugin] [ext: omni.graph.core-2.184.7] registered (path: /home/mateo/github/h12_sim_exts/kit-extension-template-cpp/_build/linux-x86_64/release/extscache/omni.graph.core-2.184.7+5941509b.lx64.r)
2025-11-11T01:55:52Z [2ms] [Info] [omni.ext.plugin] [ext: usdrt.scenegraph-7.6.1] registered (path: /home/mateo/github/h12_sim_exts/kit-extension-template-cpp/_build/linux-x86_64/release/extscache/usdrt.scenegraph-7.6.1+5941509b.lx64.r.cp312)
2025-11-11T01:55:52Z [2ms] [Info] [omni.ext.plugin] [ext: omni.physics-108.0.4] registered (path: /home/mateo/github/h12_sim_exts/kit-extension-template-cpp/_build/linux-x86_64/release/extscache/omni.physics-108.0.4+108.0.0.lx64.r.cp312.u81f)
2025-11-11T01:55:52Z [2ms] [Info] [omni.ext.plugin] [ext: omni.app.example.extension_browser-0.0.0] registered (path: /home/mateo/github/h12_sim_exts/kit-extension-template-cpp/source/apps/omni.app.example.extension_browser.kit)
2025-11-11T01:55:52Z [2ms] [Info] [omni.ext.plugin] [ext: omni.usd-1.13.13] registered (path: /home/mateo/github/h12_sim_exts/kit-extension-template-cpp/_build/linux-x86_64/release/extscache/omni.usd-1.13.13+5941509b.lx64.r.cp312)
2025-11-11T01:55:52Z [2ms] [Info] [omni.ext.plugin] [ext: omni.graph.exec-0.9.6] registered (path: /home/mateo/github/h12_sim_exts/kit-extension-template-cpp/_build/linux-x86_64/release/extscache/omni.graph.exec-0.9.6+5941509b.lx64.r)
2025-11-11T01:55:52Z [2ms] [Info] [omni.ext.plugin] [ext: omni.usd.schema.audio-0.0.0] registered (path: /home/mateo/github/h12_sim_exts/kit-extension-template-cpp/_build/linux-x86_64/release/extscache/omni.usd.schema.audio-0.0.0+5941509b.lx64.r.cp312)
2025-11-11T01:55:52Z [2ms] [Info] [omni.ext.plugin] [ext: omni.ujitso.default-1.0.0] registered (path: /home/mateo/github/h12_sim_exts/kit-extension-template-cpp/_build/linux-x86_64/release/extscache/omni.ujitso.default-1.0.0+5941509b.lx64.r.cp312)
2025-11-11T01:55:52Z [2ms] [Info] [omni.ext.plugin] [ext: omni.stats-1.0.1] registered (path: /home/mateo/github/h12_sim_exts/kit-extension-template-cpp/_build/linux-x86_64/release/extscache/omni.stats-1.0.1+5941509b.lx64.r.cp312)
2025-11-11T01:55:52Z [2ms] [Info] [omni.ext.plugin] [ext: omni.kit.commands-1.4.10] registered (path: /home/mateo/github/h12_sim_exts/kit-extension-template-cpp/_build/linux-x86_64/release/extscache/omni.kit.commands-1.4.10+5941509b.lx64.r.cp312)
2025-11-11T01:55:52Z [2ms] [Info] [omni.ext.plugin] [ext: omni.app.editor.base-1.0.0] registered (path: /home/mateo/.cache/packman/chk/kit-kernel/108.0.0+feature.221586.5941509b.gl.manylinux_2_35_x86_64.release/apps/omni.app.editor.base.kit)
2025-11-11T01:55:52Z [2ms] [Info] [omni.ext.plugin] [ext: omni.example.cpp.actions-1.0.1] registered (path: /home/mateo/github/h12_sim_exts/kit-extension-template-cpp/source/extensions/omni.example.cpp.actions)
2025-11-11T01:55:52Z [2ms] [Info] [omni.ext.plugin] [ext: omni.example.cpp.commands-1.0.1] registered (path: /home/mateo/github/h12_sim_exts/kit-extension-template-cpp/source/extensions/omni.example.cpp.commands)
2025-11-11T01:55:52Z [2ms] [Info] [omni.ext.plugin] [ext: omni.usd.config-1.0.6] registered (path: /home/mateo/github/h12_sim_exts/kit-extension-template-cpp/_build/linux-x86_64/release/extscache/omni.usd.config-1.0.6+5941509b)
2025-11-11T01:55:52Z [2ms] [Info] [omni.ext.plugin] [ext: omni.example.cpp.pybind-1.0.1] registered (path: /home/mateo/github/h12_sim_exts/kit-extension-template-cpp/source/extensions/omni.example.cpp.pybind)
2025-11-11T01:55:52Z [2ms] [Info] [omni.ext.plugin] [ext: omni.kit.renderer.imgui-2.0.6] registered (path: /home/mateo/github/h12_sim_exts/kit-extension-template-cpp/_build/linux-x86_64/release/extscache/omni.kit.renderer.imgui-2.0.6+5941509b.lx64.r.cp312)
2025-11-11T01:55:52Z [3ms] [Info] [omni.ext.plugin] [ext: omni.ui-2.27.2] registered (path: /home/mateo/github/h12_sim_exts/kit-extension-template-cpp/_build/linux-x86_64/release/extscache/omni.ui-2.27.2+5941509b.lx64.r.cp312)
2025-11-11T01:55:52Z [3ms] [Info] [carb] Initializing plugin: carb.scripting-python.plugin (interfaces: [carb::scripting::IScripting v1.0]) (impl: carb.scripting-python.plugin)
2025-11-11T01:55:52Z [3ms] [Info] [carb.scripting-python.plugin] Attempting to initialize Python interpreter. Failure of doing it will lead to the termination of the application.
2025-11-11T01:55:52Z [9ms] [Info] [carb.scripting-python.plugin] Python interpreter was successfully initialized.
2025-11-11T01:55:52Z [9ms] [Info] [carb] Initializing plugin: carb.variant.plugin (interfaces: [carb::variant::IVariant v0.1]) (impl: carb.variant.plugin)
2025-11-11T01:55:52Z [74ms] [Info] [omni.kit.app._impl] python GC: gc.disable()
2025-11-11T01:55:52Z [75ms] [Info] [omni.ext.plugin] [ext manager] preferLocalVersions: 1
2025-11-11T01:55:52Z [75ms] [Info] [omni.ext.plugin] Processing exts enabling request: 'exts.deps.generated-0.0.0,omni.convexdecomposition-108.0.4,omni.kvdb-108.0.4,omni.localcache-108.0.4,omni.physics-108.0.4,omni.physics.stageupdate-108.0.4,omni.physx-108.0.4,omni.physx.cooking-108.0.4,omni.physx.foundation-108.0.4,omni.usd.schema.physx-108.0.4,omni.usdphysics-108.0.4'
2025-11-11T01:55:52Z [75ms] [Info] [omni.ext.plugin] Extensions dependency solver solution:
[ext: exts.deps.generated-0.0.0] deps:
 -> 'h12_asset_ext' = { version='^' } selected: [h12_asset_ext-0.0.1] Available versions:
	 - [h12_asset_ext-0.0.1+lx64.r.cp312] (/home/mateo/github/h12_sim_exts/kit-extension-template-cpp/source/extensions/h12_asset_ext)
 -> 'omni.example.cpp.actions' = { version='^' } selected: [omni.example.cpp.actions-1.0.1] Available versions:
	 - [omni.example.cpp.actions-1.0.1+lx64.r.cp312] (/home/mateo/github/h12_sim_exts/kit-extension-template-cpp/source/extensions/omni.example.cpp.actions)
 -> 'omni.example.cpp.commands' = { version='^' } selected: [omni.example.cpp.commands-1.0.1] Available versions:
	 - [omni.example.cpp.commands-1.0.1+lx64.r.cp312] (/home/mateo/github/h12_sim_exts/kit-extension-template-cpp/source/extensions/omni.example.cpp.commands)
 -> 'omni.example.cpp.hello_world' = { version='^' } selected: [omni.example.cpp.hello_world-1.0.0] Available versions:
	 - [omni.example.cpp.hello_world-1.0.0+lx64.r.cp312] (/home/mateo/github/h12_sim_exts/kit-extension-template-cpp/source/extensions/omni.example.cpp.hello_world)
 -> 'omni.example.cpp.omnigraph_node' = { version='^' } selected: [omni.example.cpp.omnigraph_node-1.0.2] Available versions:
	 - [omni.example.cpp.omnigraph_node-1.0.2+lx64.r.cp312] (/home/mateo/github/h12_sim_exts/kit-extension-template-cpp/source/extensions/omni.example.cpp.omnigraph_node)
 -> 'omni.example.cpp.pybind' = { version='^' } selected: [omni.example.cpp.pybind-1.0.1] Available versions:
	 - [omni.example.cpp.pybind-1.0.1+lx64.r.cp312] (/home/mateo/github/h12_sim_exts/kit-extension-template-cpp/source/extensions/omni.example.cpp.pybind)
 -> 'omni.example.cpp.tasking' = { version='^' } selected: [omni.example.cpp.tasking-1.0.0] Available versions:
	 - [omni.example.cpp.tasking-1.0.0+lx64.r.cp312] (/home/mateo/github/h12_sim_exts/kit-extension-template-cpp/source/extensions/omni.example.cpp.tasking)
 -> 'omni.example.cpp.ui_widget' = { version='^' } selected: [omni.example.cpp.ui_widget-1.0.1] Available versions:
	 - [omni.example.cpp.ui_widget-1.0.1+lx64.r.cp312] (/home/mateo/github/h12_sim_exts/kit-extension-template-cpp/source/extensions/omni.example.cpp.ui_widget)
 -> 'omni.example.cpp.usd' = { version='^' } selected: [omni.example.cpp.usd-1.0.1] Available versions:
	 - [omni.example.cpp.usd-1.0.1+lx64.r.cp312] (/home/mateo/github/h12_sim_exts/kit-extension-template-cpp/source/extensions/omni.example.cpp.usd)
 -> 'omni.example.cpp.usd_physics' = { version='^' } selected: [omni.example.cpp.usd_physics-1.0.1] Available versions:
	 - [omni.example.cpp.usd_physics-1.0.1+lx64.r.cp312] (/home/mateo/github/h12_sim_exts/kit-extension-template-cpp/source/extensions/omni.example.cpp.usd_physics)
 -> 'omni.example.cpp.usdrt' = { version='^' } selected: [omni.example.cpp.usdrt-1.0.2] Available versions:
	 - [omni.example.cpp.usdrt-1.0.2+lx64.r.cp312] (/home/mateo/github/h12_sim_exts/kit-extension-template-cpp/source/extensions/omni.example.cpp.usdrt)
 -> 'omni.example.python.hello_world' = { version='^' } selected: [omni.example.python.hello_world-1.0.0] Available versions:
	 - [omni.example.python.hello_world-1.0.0] (/home/mateo/github/h12_sim_exts/kit-extension-template-cpp/source/extensions/omni.example.python.hello_world)
 -> 'omni.example.python.ui' = { version='^' } selected: [omni.example.python.ui-1.0.0] Available versions:
	 - [omni.example.python.ui-1.0.0] (/home/mateo/github/h12_sim_exts/kit-extension-template-cpp/source/extensions/omni.example.python.ui)
 -> 'omni.example.python.usdrt' = { version='^' } selected: [omni.example.python.usdrt-1.0.1] Available versions:
	 - [omni.example.python.usdrt-1.0.1] (/home/mateo/github/h12_sim_exts/kit-extension-template-cpp/source/extensions/omni.example.python.usdrt)
 -> 'omni.example.python.usdrt_mesh' = { version='^' } selected: [omni.example.python.usdrt_mesh-0.0.1] Available versions:
	 - [omni.example.python.usdrt_mesh-0.0.1] (/home/mateo/github/h12_sim_exts/kit-extension-template-cpp/source/extensions/omni.example.python.usdrt_mesh)
 -> 'omni.kit.test' = { version='^' } selected: [omni.kit.test-2.0.1] Available versions:
	 - [omni.kit.test-2.0.1+5941509b.lx64.r.cp312] (/home/mateo/github/h12_sim_exts/kit-extension-template-cpp/_build/linux-x86_64/release/extscache/omni.kit.test-2.0.1+5941509b.lx64.r.cp312)
 -> 'omni.kit.ui_test' = { version='^' } selected: [omni.kit.ui_test-1.4.1] Available versions:
	 - [omni.kit.ui_test-1.4.1+5941509b] (/home/mateo/github/h12_sim_exts/kit-extension-template-cpp/_build/linux-x86_64/release/extscache/omni.kit.ui_test-1.4.1+5941509b)
[ext: h12_asset_ext-0.0.1] no deps
[ext: omni.example.cpp.commands-1.0.1] deps:
 -> 'omni.kit.commands' = { version='^' } selected: [omni.kit.commands-1.4.10] Available versions:
	 - [omni.kit.commands-1.4.10+5941509b.lx64.r.cp312] (/home/mateo/github/h12_sim_exts/kit-extension-template-cpp/_build/linux-x86_64/release/extscache/omni.kit.commands-1.4.10+5941509b.lx64.r.cp312)
[ext: omni.example.cpp.tasking-1.0.0] no deps
[ext: omni.example.python.usdrt_mesh-0.0.1] deps:
 -> 'omni.kit.pip_archive' = { version='^' } selected: [omni.kit.pip_archive-0.0.0] Available versions:
	 - [omni.kit.pip_archive-0.0.0+5941509b.lx64.cp312] (/home/mateo/github/h12_sim_exts/kit-extension-template-cpp/_build/linux-x86_64/release/extscache/omni.kit.pip_archive-0.0.0+5941509b.lx64.cp312)
 -> 'omni.kit.primitive.mesh' = { version='^' } selected: [omni.kit.primitive.mesh-1.0.17] Available versions:
	 - [omni.kit.primitive.mesh-1.0.17+5941509b] (/home/mateo/github/h12_sim_exts/kit-extension-template-cpp/_build/linux-x86_64/release/extscache/omni.kit.primitive.mesh-1.0.17+5941509b)
 -> 'omni.kit.uiapp' = { version='^' } selected: [omni.kit.uiapp-0.0.0] Available versions:
	 - [omni.kit.uiapp-0.0.0+5941509b] (/home/mateo/github/h12_sim_exts/kit-extension-template-cpp/_build/linux-x86_64/release/extscache/omni.kit.uiapp-0.0.0+5941509b)
 -> 'omni.usd' = { version='^' } selected: [omni.usd-1.13.13] Available versions:
	 - [omni.usd-1.13.13+5941509b.lx64.r.cp312] (/home/mateo/github/h12_sim_exts/kit-extension-template-cpp/_build/linux-x86_64/release/extscache/omni.usd-1.13.13+5941509b.lx64.r.cp312)
 -> 'usdrt.scenegraph' = { version='^' } selected: [usdrt.scenegraph-7.6.1] Available versions:
	 - [usdrt.scenegraph-7.6.1+5941509b.lx64.r.cp312] (/home/mateo/github/h12_sim_exts/kit-extension-template-cpp/_build/linux-x86_64/release/extscache/usdrt.scenegraph-7.6.1+5941509b.lx64.r.cp312)
[ext: omni.kit.ui_test-1.4.1] deps:
 -> 'omni.ui' = { version='^' } selected: [omni.ui-2.27.2] Available versions:
	 - [omni.ui-2.27.2+5941509b.lx64.r.cp312] (/home/mateo/github/h12_sim_exts/kit-extension-template-cpp/_build/linux-x86_64/release/extscache/omni.ui-2.27.2+5941509b.lx64.r.cp312)
 -> 'omni.ui_query' = { version='^' } selected: [omni.ui_query-1.1.8] Available versions:
	 - [omni.ui_query-1.1.8+5941509b] (/home/mateo/github/h12_sim_exts/kit-extension-template-cpp/_build/linux-x86_64/release/extscache/omni.ui_query-1.1.8+5941509b)
[ext: omni.example.python.usdrt-1.0.1] deps:
 -> 'omni.kit.primitive.mesh' = { version='^' } selected: [omni.kit.primitive.mesh-1.0.17] Available versions:
	 - [omni.kit.primitive.mesh-1.0.17+5941509b] (/home/mateo/github/h12_sim_exts/kit-extension-template-cpp/_build/linux-x86_64/release/extscache/omni.kit.primitive.mesh-1.0.17+5941509b)
 -> 'omni.kit.uiapp' = { version='^' } selected: [omni.kit.uiapp-0.0.0] Available versions:
	 - [omni.kit.uiapp-0.0.0+5941509b] (/home/mateo/github/h12_sim_exts/kit-extension-template-cpp/_build/linux-x86_64/release/extscache/omni.kit.uiapp-0.0.0+5941509b)
 -> 'omni.usd' = { version='^' } selected: [omni.usd-1.13.13] Available versions:
	 - [omni.usd-1.13.13+5941509b.lx64.r.cp312] (/home/mateo/github/h12_sim_exts/kit-extension-template-cpp/_build/linux-x86_64/release/extscache/omni.usd-1.13.13+5941509b.lx64.r.cp312)
 -> 'usdrt.scenegraph' = { version='^' } selected: [usdrt.scenegraph-7.6.1] Available versions:
	 - [usdrt.scenegraph-7.6.1+5941509b.lx64.r.cp312] (/home/mateo/github/h12_sim_exts/kit-extension-template-cpp/_build/linux-x86_64/release/extscache/usdrt.scenegraph-7.6.1+5941509b.lx64.r.cp312)
[ext: omni.example.python.ui-1.0.0] deps:
 -> 'omni.example.cpp.ui_widget' = { version='^' } selected: [omni.example.cpp.ui_widget-1.0.1] Available versions:
	 - [omni.example.cpp.ui_widget-1.0.1+lx64.r.cp312] (/home/mateo/github/h12_sim_exts/kit-extension-template-cpp/source/extensions/omni.example.cpp.ui_widget)
 -> 'omni.kit.uiapp' = { version='^' } selected: [omni.kit.uiapp-0.0.0] Available versions:
	 - [omni.kit.uiapp-0.0.0+5941509b] (/home/mateo/github/h12_sim_exts/kit-extension-template-cpp/_build/linux-x86_64/release/extscache/omni.kit.uiapp-0.0.0+5941509b)
[ext: omni.example.python.hello_world-1.0.0] no deps
[ext: omni.ui_query-1.1.8] deps:
 -> 'omni.ui' = { version='^' } selected: [omni.ui-2.27.2] Available versions:
	 - [omni.ui-2.27.2+5941509b.lx64.r.cp312] (/home/mateo/github/h12_sim_exts/kit-extension-template-cpp/_build/linux-x86_64/release/extscache/omni.ui-2.27.2+5941509b.lx64.r.cp312)
[ext: omni.example.cpp.usdrt-1.0.2] deps:
 -> 'omni.kit.primitive.mesh' = { version='^' } selected: [omni.kit.primitive.mesh-1.0.17] Available versions:
	 - [omni.kit.primitive.mesh-1.0.17+5941509b] (/home/mateo/github/h12_sim_exts/kit-extension-template-cpp/_build/linux-x86_64/release/extscache/omni.kit.primitive.mesh-1.0.17+5941509b)
 -> 'omni.kit.uiapp' = { version='^' } selected: [omni.kit.uiapp-0.0.0] Available versions:
	 - [omni.kit.uiapp-0.0.0+5941509b] (/home/mateo/github/h12_sim_exts/kit-extension-template-cpp/_build/linux-x86_64/release/extscache/omni.kit.uiapp-0.0.0+5941509b)
 -> 'usdrt.scenegraph' = { version='^' } selected: [usdrt.scenegraph-7.6.1] Available versions:
	 - [usdrt.scenegraph-7.6.1+5941509b.lx64.r.cp312] (/home/mateo/github/h12_sim_exts/kit-extension-template-cpp/_build/linux-x86_64/release/extscache/usdrt.scenegraph-7.6.1+5941509b.lx64.r.cp312)
[ext: omni.example.cpp.ui_widget-1.0.1] deps:
 -> 'omni.ui' = { version='^' } selected: [omni.ui-2.27.2] Available versions:
	 - [omni.ui-2.27.2+5941509b.lx64.r.cp312] (/home/mateo/github/h12_sim_exts/kit-extension-template-cpp/_build/linux-x86_64/release/extscache/omni.ui-2.27.2+5941509b.lx64.r.cp312)
[ext: omni.example.cpp.usd_physics-1.0.1] deps:
 -> 'omni.physics.stageupdate' = { version='=108.0.4' } selected: [omni.physics.stageupdate-108.0.4] Available versions:
	 - [omni.physics.stageupdate-108.0.4+108.0.0.lx64.r.cp312.u81f] (/home/mateo/github/h12_sim_exts/kit-extension-template-cpp/_build/linux-x86_64/release/extscache/omni.physics.stageupdate-108.0.4+108.0.0.lx64.r.cp312.u81f)
 -> 'omni.physx' = { version='=108.0.4' } selected: [omni.physx-108.0.4] Available versions:
	 - [omni.physx-108.0.4+108.0.0.lx64.r.cp312.u81f] (/home/mateo/github/h12_sim_exts/kit-extension-template-cpp/_build/linux-x86_64/release/extscache/omni.physx-108.0.4+108.0.0.lx64.r.cp312.u81f)
[ext: omni.example.cpp.usd-1.0.1] deps:
 -> 'omni.usd' = { version='^' } selected: [omni.usd-1.13.13] Available versions:
	 - [omni.usd-1.13.13+5941509b.lx64.r.cp312] (/home/mateo/github/h12_sim_exts/kit-extension-template-cpp/_build/linux-x86_64/release/extscache/omni.usd-1.13.13+5941509b.lx64.r.cp312)
[ext: omni.example.cpp.pybind-1.0.1] no deps
[ext: omni.kit.primitive.mesh-1.0.17] deps:
 -> 'omni.kit.actions.core' = { version='^' } selected: [omni.kit.actions.core-1.0.0] Available versions:
	 - [omni.kit.actions.core-1.0.0+5941509b.lx64.r.cp312] (/home/mateo/github/h12_sim_exts/kit-extension-template-cpp/_build/linux-x86_64/release/extscache/omni.kit.actions.core-1.0.0+5941509b.lx64.r.cp312)
 -> 'omni.kit.commands' = { version='^' } selected: [omni.kit.commands-1.4.10] Available versions:
	 - [omni.kit.commands-1.4.10+5941509b.lx64.r.cp312] (/home/mateo/github/h12_sim_exts/kit-extension-template-cpp/_build/linux-x86_64/release/extscache/omni.kit.commands-1.4.10+5941509b.lx64.r.cp312)
 -> 'omni.kit.usd.layers' = { version='^' } selected: [omni.kit.usd.layers-2.3.2] Available versions:
	 - [omni.kit.usd.layers-2.3.2+5941509b.lx64.r.cp312] (/home/mateo/github/h12_sim_exts/kit-extension-template-cpp/_build/linux-x86_64/release/extscache/omni.kit.usd.layers-2.3.2+5941509b.lx64.r.cp312)
 -> 'omni.ui' = { version='^' optional=true  } selected: [omni.ui-2.27.2] Available versions:
	 - [omni.ui-2.27.2+5941509b.lx64.r.cp312] (/home/mateo/github/h12_sim_exts/kit-extension-template-cpp/_build/linux-x86_64/release/extscache/omni.ui-2.27.2+5941509b.lx64.r.cp312)
 -> 'omni.usd' = { version='^' } selected: [omni.usd-1.13.13] Available versions:
	 - [omni.usd-1.13.13+5941509b.lx64.r.cp312] (/home/mateo/github/h12_sim_exts/kit-extension-template-cpp/_build/linux-x86_64/release/extscache/omni.usd-1.13.13+5941509b.lx64.r.cp312)
[ext: omni.physx-108.0.4] deps:
 -> 'omni.physx.cooking' = { version='=108.0.4' } selected: [omni.physx.cooking-108.0.4] Available versions:
	 - [omni.physx.cooking-108.0.4+108.0.0.lx64.r.cp312.u81f] (/home/mateo/github/h12_sim_exts/kit-extension-template-cpp/_build/linux-x86_64/release/extscache/omni.physx.cooking-108.0.4+108.0.0.lx64.r.cp312.u81f)
 -> 'omni.physx.foundation' = { version='=108.0.4' } selected: [omni.physx.foundation-108.0.4] Available versions:
	 - [omni.physx.foundation-108.0.4+108.0.0.lx64.r.cp312.u81f] (/home/mateo/github/h12_sim_exts/kit-extension-template-cpp/_build/linux-x86_64/release/extscache/omni.physx.foundation-108.0.4+108.0.0.lx64.r.cp312.u81f)
 -> 'omni.usd.schema.physx' = { version='=108.0.4' } selected: [omni.usd.schema.physx-108.0.4] Available versions:
	 - [omni.usd.schema.physx-108.0.4+108.0.0.lx64.r.cp312.u81f] (/home/mateo/github/h12_sim_exts/kit-extension-template-cpp/_build/linux-x86_64/release/extscache/omni.usd.schema.physx-108.0.4+108.0.0.lx64.r.cp312.u81f)
 -> 'omni.usdphysics' = { version='=108.0.4' } selected: [omni.usdphysics-108.0.4] Available versions:
	 - [omni.usdphysics-108.0.4+108.0.0.lx64.r.cp312.u81f] (/home/mateo/github/h12_sim_exts/kit-extension-template-cpp/_build/linux-x86_64/release/extscache/omni.usdphysics-108.0.4+108.0.0.lx64.r.cp312.u81f)
 -> 'omni.gpucompute.plugins' = { version='^' } selected: [omni.gpucompute.plugins-0.0.0] Available versions:
	 - [omni.gpucompute.plugins-0.0.0+5941509b.lx64.r] (/home/mateo/github/h12_sim_exts/kit-extension-template-cpp/_build/linux-x86_64/release/extscache/omni.gpucompute.plugins-0.0.0+5941509b.lx64.r)
 -> 'omni.usd.libs' = { version='^' } selected: [omni.usd.libs-1.0.1] Available versions:
	 - [omni.usd.libs-1.0.1+5941509b.lx64.r.cp312] (/home/mateo/github/h12_sim_exts/kit-extension-template-cpp/_build/linux-x86_64/release/extscache/omni.usd.libs-1.0.1+5941509b.lx64.r.cp312)
 -> 'usdrt.scenegraph' = { version='^' } selected: [usdrt.scenegraph-7.6.1] Available versions:
	 - [usdrt.scenegraph-7.6.1+5941509b.lx64.r.cp312] (/home/mateo/github/h12_sim_exts/kit-extension-template-cpp/_build/linux-x86_64/release/extscache/usdrt.scenegraph-7.6.1+5941509b.lx64.r.cp312)
[ext: omni.physics.stageupdate-108.0.4] deps:
 -> 'omni.physics' = { version='=108.0.4' } selected: [omni.physics-108.0.4] Available versions:
	 - [omni.physics-108.0.4+108.0.0.lx64.r.cp312.u81f] (/home/mateo/github/h12_sim_exts/kit-extension-template-cpp/_build/linux-x86_64/release/extscache/omni.physics-108.0.4+108.0.0.lx64.r.cp312.u81f)
 -> 'omni.kit.usd.layers' = { version='^' optional=true  } selected: [omni.kit.usd.layers-2.3.2] Available versions:
	 - [omni.kit.usd.layers-2.3.2+5941509b.lx64.r.cp312] (/home/mateo/github/h12_sim_exts/kit-extension-template-cpp/_build/linux-x86_64/release/extscache/omni.kit.usd.layers-2.3.2+5941509b.lx64.r.cp312)
 -> 'omni.ui' = { version='^' optional=true  } selected: [omni.ui-2.27.2] Available versions:
	 - [omni.ui-2.27.2+5941509b.lx64.r.cp312] (/home/mateo/github/h12_sim_exts/kit-extension-template-cpp/_build/linux-x86_64/release/extscache/omni.ui-2.27.2+5941509b.lx64.r.cp312)
 -> 'omni.usd' = { version='^' } selected: [omni.usd-1.13.13] Available versions:
	 - [omni.usd-1.13.13+5941509b.lx64.r.cp312] (/home/mateo/github/h12_sim_exts/kit-extension-template-cpp/_build/linux-x86_64/release/extscache/omni.usd-1.13.13+5941509b.lx64.r.cp312)
[ext: omni.physx.cooking-108.0.4] deps:
 -> 'omni.convexdecomposition' = { version='=108.0.4' } selected: [omni.convexdecomposition-108.0.4] Available versions:
	 - [omni.convexdecomposition-108.0.4+108.0.0.lx64.r.cp312.u81f] (/home/mateo/github/h12_sim_exts/kit-extension-template-cpp/_build/linux-x86_64/release/extscache/omni.convexdecomposition-108.0.4+108.0.0.lx64.r.cp312.u81f)
 -> 'omni.localcache' = { version='=108.0.4' } selected: [omni.localcache-108.0.4] Available versions:
	 - [omni.localcache-108.0.4+108.0.0.lx64.r.cp312.u81f] (/home/mateo/github/h12_sim_exts/kit-extension-template-cpp/_build/linux-x86_64/release/extscache/omni.localcache-108.0.4+108.0.0.lx64.r.cp312.u81f)
 -> 'omni.physx.foundation' = { version='=108.0.4' } selected: [omni.physx.foundation-108.0.4] Available versions:
	 - [omni.physx.foundation-108.0.4+108.0.0.lx64.r.cp312.u81f] (/home/mateo/github/h12_sim_exts/kit-extension-template-cpp/_build/linux-x86_64/release/extscache/omni.physx.foundation-108.0.4+108.0.0.lx64.r.cp312.u81f)
 -> 'omni.usd.schema.physx' = { version='=108.0.4' } selected: [omni.usd.schema.physx-108.0.4] Available versions:
	 - [omni.usd.schema.physx-108.0.4+108.0.0.lx64.r.cp312.u81f] (/home/mateo/github/h12_sim_exts/kit-extension-template-cpp/_build/linux-x86_64/release/extscache/omni.usd.schema.physx-108.0.4+108.0.0.lx64.r.cp312.u81f)
 -> 'omni.usdphysics' = { version='=108.0.4' } selected: [omni.usdphysics-108.0.4] Available versions:
	 - [omni.usdphysics-108.0.4+108.0.0.lx64.r.cp312.u81f] (/home/mateo/github/h12_sim_exts/kit-extension-template-cpp/_build/linux-x86_64/release/extscache/omni.usdphysics-108.0.4+108.0.0.lx64.r.cp312.u81f)
 -> 'omni.ujitso.default' = { version='^' } selected: [omni.ujitso.default-1.0.0] Available versions:
	 - [omni.ujitso.default-1.0.0+5941509b.lx64.r.cp312] (/home/mateo/github/h12_sim_exts/kit-extension-template-cpp/_build/linux-x86_64/release/extscache/omni.ujitso.default-1.0.0+5941509b.lx64.r.cp312)
 -> 'omni.usd.libs' = { version='^' } selected: [omni.usd.libs-1.0.1] Available versions:
	 - [omni.usd.libs-1.0.1+5941509b.lx64.r.cp312] (/home/mateo/github/h12_sim_exts/kit-extension-template-cpp/_build/linux-x86_64/release/extscache/omni.usd.libs-1.0.1+5941509b.lx64.r.cp312)
[ext: omni.physics-108.0.4] no deps
[ext: omni.kit.usd.layers-2.3.2] deps:
 -> 'omni.client' = { version='^' } selected: [omni.client-1.3.0] Available versions:
	 - [omni.client-1.3.0+5941509b.lx64.r] (/home/mateo/github/h12_sim_exts/kit-extension-template-cpp/_build/linux-x86_64/release/extscache/omni.client-1.3.0+5941509b.lx64.r)
 -> 'omni.kit.commands' = { version='^' } selected: [omni.kit.commands-1.4.10] Available versions:
	 - [omni.kit.commands-1.4.10+5941509b.lx64.r.cp312] (/home/mateo/github/h12_sim_exts/kit-extension-template-cpp/_build/linux-x86_64/release/extscache/omni.kit.commands-1.4.10+5941509b.lx64.r.cp312)
 -> 'omni.usd' = { version='^' } selected: [omni.usd-1.13.13] Available versions:
	 - [omni.usd-1.13.13+5941509b.lx64.r.cp312] (/home/mateo/github/h12_sim_exts/kit-extension-template-cpp/_build/linux-x86_64/release/extscache/omni.usd-1.13.13+5941509b.lx64.r.cp312)
 -> 'omni.usd.libs' = { version='^' } selected: [omni.usd.libs-1.0.1] Available versions:
	 - [omni.usd.libs-1.0.1+5941509b.lx64.r.cp312] (/home/mateo/github/h12_sim_exts/kit-extension-template-cpp/_build/linux-x86_64/release/extscache/omni.usd.libs-1.0.1+5941509b.lx64.r.cp312)
[ext: omni.convexdecomposition-108.0.4] deps:
 -> 'omni.usd.schema.physx' = { version='=108.0.4' } selected: [omni.usd.schema.physx-108.0.4] Available versions:
	 - [omni.usd.schema.physx-108.0.4+108.0.0.lx64.r.cp312.u81f] (/home/mateo/github/h12_sim_exts/kit-extension-template-cpp/_build/linux-x86_64/release/extscache/omni.usd.schema.physx-108.0.4+108.0.0.lx64.r.cp312.u81f)
 -> 'omni.assets.plugins' = { version='^' } selected: [omni.assets.plugins-0.0.0] Available versions:
	 - [omni.assets.plugins-0.0.0+5941509b.lx64.r] (/home/mateo/github/h12_sim_exts/kit-extension-template-cpp/_build/linux-x86_64/release/extscache/omni.assets.plugins-0.0.0+5941509b.lx64.r)
 -> 'omni.kit.commands' = { version='^' optional=true  } selected: [omni.kit.commands-1.4.10] Available versions:
	 - [omni.kit.commands-1.4.10+5941509b.lx64.r.cp312] (/home/mateo/github/h12_sim_exts/kit-extension-template-cpp/_build/linux-x86_64/release/extscache/omni.kit.commands-1.4.10+5941509b.lx64.r.cp312)
 -> 'omni.usd.libs' = { version='^' } selected: [omni.usd.libs-1.0.1] Available versions:
	 - [omni.usd.libs-1.0.1+5941509b.lx64.r.cp312] (/home/mateo/github/h12_sim_exts/kit-extension-template-cpp/_build/linux-x86_64/release/extscache/omni.usd.libs-1.0.1+5941509b.lx64.r.cp312)
[ext: omni.usdphysics-108.0.4] deps:
 -> 'omni.usd.schema.physx' = { version='=108.0.4' } selected: [omni.usd.schema.physx-108.0.4] Available versions:
	 - [omni.usd.schema.physx-108.0.4+108.0.0.lx64.r.cp312.u81f] (/home/mateo/github/h12_sim_exts/kit-extension-template-cpp/_build/linux-x86_64/release/extscache/omni.usd.schema.physx-108.0.4+108.0.0.lx64.r.cp312.u81f)
 -> 'omni.usd.libs' = { version='^' } selected: [omni.usd.libs-1.0.1] Available versions:
	 - [omni.usd.libs-1.0.1+5941509b.lx64.r.cp312] (/home/mateo/github/h12_sim_exts/kit-extension-template-cpp/_build/linux-x86_64/release/extscache/omni.usd.libs-1.0.1+5941509b.lx64.r.cp312)
[ext: omni.physx.foundation-108.0.4] deps:
 -> 'omni.gpu_foundation' = { version='^' } selected: [omni.gpu_foundation-0.0.0] Available versions:
	 - [omni.gpu_foundation-0.0.0+5941509b.lx64.r.cp312] (/home/mateo/github/h12_sim_exts/kit-extension-template-cpp/_build/linux-x86_64/release/extscache/omni.gpu_foundation-0.0.0+5941509b.lx64.r.cp312)
[ext: omni.localcache-108.0.4] deps:
 -> 'omni.kvdb' = { version='=108.0.4' } selected: [omni.kvdb-108.0.4] Available versions:
	 - [omni.kvdb-108.0.4+108.0.0.lx64.r.cp312.u81f] (/home/mateo/github/h12_sim_exts/kit-extension-template-cpp/_build/linux-x86_64/release/extscache/omni.kvdb-108.0.4+108.0.0.lx64.r.cp312.u81f)
[ext: omni.example.cpp.actions-1.0.1] deps:
 -> 'omni.kit.actions.core' = { version='^' } selected: [omni.kit.actions.core-1.0.0] Available versions:
	 - [omni.kit.actions.core-1.0.0+5941509b.lx64.r.cp312] (/home/mateo/github/h12_sim_exts/kit-extension-template-cpp/_build/linux-x86_64/release/extscache/omni.kit.actions.core-1.0.0+5941509b.lx64.r.cp312)
[ext: omni.kvdb-108.0.4] no deps
[ext: omni.example.cpp.omnigraph_node-1.0.2] deps:
 -> 'omni.graph.core' = { version='^' } selected: [omni.graph.core-2.184.7] Available versions:
	 - [omni.graph.core-2.184.7+5941509b.lx64.r] (/home/mateo/github/h12_sim_exts/kit-extension-template-cpp/_build/linux-x86_64/release/extscache/omni.graph.core-2.184.7+5941509b.lx64.r)
 -> 'omni.graph.tools' = { version='^' } selected: [omni.graph.tools-1.79.3] Available versions:
	 - [omni.graph.tools-1.79.3+5941509b] (/home/mateo/github/h12_sim_exts/kit-extension-template-cpp/_build/linux-x86_64/release/extscache/omni.graph.tools-1.79.3+5941509b)
[ext: omni.example.cpp.hello_world-1.0.0] no deps
[ext: omni.graph.core-2.184.7] deps:
 -> 'omni.gpucompute.plugins' = { version='^' } selected: [omni.gpucompute.plugins-0.0.0] Available versions:
	 - [omni.gpucompute.plugins-0.0.0+5941509b.lx64.r] (/home/mateo/github/h12_sim_exts/kit-extension-template-cpp/_build/linux-x86_64/release/extscache/omni.gpucompute.plugins-0.0.0+5941509b.lx64.r)
 -> 'omni.kit.exec.core' = { version='^' } selected: [omni.kit.exec.core-0.13.4] Available versions:
	 - [omni.kit.exec.core-0.13.4+5941509b.lx64.r.cp312] (/home/mateo/github/h12_sim_exts/kit-extension-template-cpp/_build/linux-x86_64/release/extscache/omni.kit.exec.core-0.13.4+5941509b.lx64.r.cp312)
 -> 'omni.kit.renderer.core' = { version='^' } selected: [omni.kit.renderer.core-1.1.1] Available versions:
	 - [omni.kit.renderer.core-1.1.1+5941509b.lx64.r.cp312] (/home/mateo/github/h12_sim_exts/kit-extension-template-cpp/_build/linux-x86_64/release/extscache/omni.kit.renderer.core-1.1.1+5941509b.lx64.r.cp312)
 -> 'omni.usd' = { version='^' } selected: [omni.usd-1.13.13] Available versions:
	 - [omni.usd-1.13.13+5941509b.lx64.r.cp312] (/home/mateo/github/h12_sim_exts/kit-extension-template-cpp/_build/linux-x86_64/release/extscache/omni.usd-1.13.13+5941509b.lx64.r.cp312)
 -> 'omni.usd.schema.omnigraph' = { version='^' } selected: [omni.usd.schema.omnigraph-1.0.0] Available versions:
	 - [omni.usd.schema.omnigraph-1.0.0+5941509b.lx64.r.cp312] (/home/mateo/github/h12_sim_exts/kit-extension-template-cpp/_build/linux-x86_64/release/extscache/omni.usd.schema.omnigraph-1.0.0+5941509b.lx64.r.cp312)
 -> 'usdrt.scenegraph' = { version='^' } selected: [usdrt.scenegraph-7.6.1] Available versions:
	 - [usdrt.scenegraph-7.6.1+5941509b.lx64.r.cp312] (/home/mateo/github/h12_sim_exts/kit-extension-template-cpp/_build/linux-x86_64/release/extscache/usdrt.scenegraph-7.6.1+5941509b.lx64.r.cp312)
[ext: omni.graph.tools-1.79.3] deps:
 -> 'omni.kit.test' = { version='^' } selected: [omni.kit.test-2.0.1] Available versions:
	 - [omni.kit.test-2.0.1+5941509b.lx64.r.cp312] (/home/mateo/github/h12_sim_exts/kit-extension-template-cpp/_build/linux-x86_64/release/extscache/omni.kit.test-2.0.1+5941509b.lx64.r.cp312)
 -> 'omni.usd.libs' = { version='^' } selected: [omni.usd.libs-1.0.1] Available versions:
	 - [omni.usd.libs-1.0.1+5941509b.lx64.r.cp312] (/home/mateo/github/h12_sim_exts/kit-extension-template-cpp/_build/linux-x86_64/release/extscache/omni.usd.libs-1.0.1+5941509b.lx64.r.cp312)
[ext: usdrt.scenegraph-7.6.1] deps:
 -> 'omni.cubric' = { version='^' } selected: [omni.cubric-0.1.0] Available versions:
	 - [omni.cubric-0.1.0+5941509b.lx64.r] (/home/mateo/github/h12_sim_exts/kit-extension-template-cpp/_build/linux-x86_64/release/extscache/omni.cubric-0.1.0+5941509b.lx64.r)
 -> 'omni.gpucompute.plugins' = { version='^' } selected: [omni.gpucompute.plugins-0.0.0] Available versions:
	 - [omni.gpucompute.plugins-0.0.0+5941509b.lx64.r] (/home/mateo/github/h12_sim_exts/kit-extension-template-cpp/_build/linux-x86_64/release/extscache/omni.gpucompute.plugins-0.0.0+5941509b.lx64.r)
 -> 'omni.usd.libs' = { version='^' } selected: [omni.usd.libs-1.0.1] Available versions:
	 - [omni.usd.libs-1.0.1+5941509b.lx64.r.cp312] (/home/mateo/github/h12_sim_exts/kit-extension-template-cpp/_build/linux-x86_64/release/extscache/omni.usd.libs-1.0.1+5941509b.lx64.r.cp312)
[ext: omni.usd-1.13.13] deps:
 -> 'carb.audio' = { version='^' } selected: [carb.audio-0.1.0] Available versions:
	 - [carb.audio-0.1.0+5941509b.lx64.r.cp311.cp312] (/home/mateo/github/h12_sim_exts/kit-extension-template-cpp/_build/linux-x86_64/release/extscache/carb.audio-0.1.0+5941509b.lx64.r.cp312)
 -> 'omni.assets.plugins' = { version='^' } selected: [omni.assets.plugins-0.0.0] Available versions:
	 - [omni.assets.plugins-0.0.0+5941509b.lx64.r] (/home/mateo/github/h12_sim_exts/kit-extension-template-cpp/_build/linux-x86_64/release/extscache/omni.assets.plugins-0.0.0+5941509b.lx64.r)
 -> 'omni.client' = { version='^' } selected: [omni.client-1.3.0] Available versions:
	 - [omni.client-1.3.0+5941509b.lx64.r] (/home/mateo/github/h12_sim_exts/kit-extension-template-cpp/_build/linux-x86_64/release/extscache/omni.client-1.3.0+5941509b.lx64.r)
 -> 'omni.kit.async_engine' = { version='^' } selected: [omni.kit.async_engine-0.0.3] Available versions:
	 - [omni.kit.async_engine-0.0.3] (/home/mateo/.cache/packman/chk/kit-kernel/108.0.0+feature.221586.5941509b.gl.manylinux_2_35_x86_64.release/extscore/omni.kit.async_engine)
 -> 'omni.kit.audiodeviceenum' = { version='^' } selected: [omni.kit.audiodeviceenum-1.0.2] Available versions:
	 - [omni.kit.audiodeviceenum-1.0.2+5941509b.lx64.r.cp312] (/home/mateo/github/h12_sim_exts/kit-extension-template-cpp/_build/linux-x86_64/release/extscache/omni.kit.audiodeviceenum-1.0.2+5941509b.lx64.r.cp312)
 -> 'omni.kit.commands' = { version='^' } selected: [omni.kit.commands-1.4.10] Available versions:
	 - [omni.kit.commands-1.4.10+5941509b.lx64.r.cp312] (/home/mateo/github/h12_sim_exts/kit-extension-template-cpp/_build/linux-x86_64/release/extscache/omni.kit.commands-1.4.10+5941509b.lx64.r.cp312)
 -> 'omni.kit.exec.core' = { version='^' } selected: [omni.kit.exec.core-0.13.4] Available versions:
	 - [omni.kit.exec.core-0.13.4+5941509b.lx64.r.cp312] (/home/mateo/github/h12_sim_exts/kit-extension-template-cpp/_build/linux-x86_64/release/extscache/omni.kit.exec.core-0.13.4+5941509b.lx64.r.cp312)
 -> 'omni.kit.usd_undo' = { version='^' } selected: [omni.kit.usd_undo-0.1.8] Available versions:
	 - [omni.kit.usd_undo-0.1.8+5941509b] (/home/mateo/github/h12_sim_exts/kit-extension-template-cpp/_build/linux-x86_64/release/extscache/omni.kit.usd_undo-0.1.8+5941509b)
 -> 'omni.timeline' = { version='^' } selected: [omni.timeline-1.1.0] Available versions:
	 - [omni.timeline-1.1.0+5941509b.lx64.r.cp312] (/home/mateo/github/h12_sim_exts/kit-extension-template-cpp/_build/linux-x86_64/release/extscache/omni.timeline-1.1.0+5941509b.lx64.r.cp312)
 -> 'omni.usd.core' = { version='^' } selected: [omni.usd.core-1.5.4] Available versions:
	 - [omni.usd.core-1.5.4+5941509b.lx64.r] (/home/mateo/github/h12_sim_exts/kit-extension-template-cpp/_build/linux-x86_64/release/extscache/omni.usd.core-1.5.4+5941509b.lx64.r)
[ext: omni.cubric-0.1.0] no deps
[ext: omni.kit.audiodeviceenum-1.0.2] deps:
 -> 'carb.audio' = { version='^' } selected: [carb.audio-0.1.0] Available versions:
	 - [carb.audio-0.1.0+5941509b.lx64.r.cp311.cp312] (/home/mateo/github/h12_sim_exts/kit-extension-template-cpp/_build/linux-x86_64/release/extscache/carb.audio-0.1.0+5941509b.lx64.r.cp312)
[ext: omni.kit.commands-1.4.10] deps:
 -> 'omni.kit.actions.core' = { version='^' } selected: [omni.kit.actions.core-1.0.0] Available versions:
	 - [omni.kit.actions.core-1.0.0+5941509b.lx64.r.cp312] (/home/mateo/github/h12_sim_exts/kit-extension-template-cpp/_build/linux-x86_64/release/extscache/omni.kit.actions.core-1.0.0+5941509b.lx64.r.cp312)
[ext: omni.usd.core-1.5.4] deps:
 -> 'omni.client' = { version='^' } selected: [omni.client-1.3.0] Available versions:
	 - [omni.client-1.3.0+5941509b.lx64.r] (/home/mateo/github/h12_sim_exts/kit-extension-template-cpp/_build/linux-x86_64/release/extscache/omni.client-1.3.0+5941509b.lx64.r)
 -> 'omni.usd.libs' = { version='^' } selected: [omni.usd.libs-1.0.1] Available versions:
	 - [omni.usd.libs-1.0.1+5941509b.lx64.r.cp312] (/home/mateo/github/h12_sim_exts/kit-extension-template-cpp/_build/linux-x86_64/release/extscache/omni.usd.libs-1.0.1+5941509b.lx64.r.cp312)
 -> 'omni.usd.schema.audio' = { version='^' } selected: [omni.usd.schema.audio-0.0.0] Available versions:
	 - [omni.usd.schema.audio-0.0.0+5941509b.lx64.r.cp312] (/home/mateo/github/h12_sim_exts/kit-extension-template-cpp/_build/linux-x86_64/release/extscache/omni.usd.schema.audio-0.0.0+5941509b.lx64.r.cp312)
 -> 'omni.usd_resolver' = { version='^' } selected: [omni.usd_resolver-1.0.0] Available versions:
	 - [omni.usd_resolver-1.0.0+5941509b.lx64.r.cp312] (/home/mateo/github/h12_sim_exts/kit-extension-template-cpp/_build/linux-x86_64/release/extscache/omni.usd_resolver-1.0.0+5941509b.lx64.r.cp312)
[ext: omni.kit.exec.core-0.13.4] deps:
 -> 'omni.graph.exec' = { version='^' } selected: [omni.graph.exec-0.9.6] Available versions:
	 - [omni.graph.exec-0.9.6+5941509b.lx64.r] (/home/mateo/github/h12_sim_exts/kit-extension-template-cpp/_build/linux-x86_64/release/extscache/omni.graph.exec-0.9.6+5941509b.lx64.r)
 -> 'omni.usd.libs' = { version='^' } selected: [omni.usd.libs-1.0.1] Available versions:
	 - [omni.usd.libs-1.0.1+5941509b.lx64.r.cp312] (/home/mateo/github/h12_sim_exts/kit-extension-template-cpp/_build/linux-x86_64/release/extscache/omni.usd.libs-1.0.1+5941509b.lx64.r.cp312)
[ext: omni.timeline-1.1.0] no deps
[ext: omni.kit.actions.core-1.0.0] no deps
[ext: omni.usd_resolver-1.0.0] deps:
 -> 'omni.client' = { version='^' } selected: [omni.client-1.3.0] Available versions:
	 - [omni.client-1.3.0+5941509b.lx64.r] (/home/mateo/github/h12_sim_exts/kit-extension-template-cpp/_build/linux-x86_64/release/extscache/omni.client-1.3.0+5941509b.lx64.r)
 -> 'omni.usd.libs' = { version='^' } selected: [omni.usd.libs-1.0.1] Available versions:
	 - [omni.usd.libs-1.0.1+5941509b.lx64.r.cp312] (/home/mateo/github/h12_sim_exts/kit-extension-template-cpp/_build/linux-x86_64/release/extscache/omni.usd.libs-1.0.1+5941509b.lx64.r.cp312)
[ext: omni.graph.exec-0.9.6] no deps
[ext: omni.kit.usd_undo-0.1.8] deps:
 -> 'omni.usd.libs' = { version='^' } selected: [omni.usd.libs-1.0.1] Available versions:
	 - [omni.usd.libs-1.0.1+5941509b.lx64.r.cp312] (/home/mateo/github/h12_sim_exts/kit-extension-template-cpp/_build/linux-x86_64/release/extscache/omni.usd.libs-1.0.1+5941509b.lx64.r.cp312)
[ext: omni.usd.schema.physx-108.0.4] deps:
 -> 'omni.usd.libs' = { version='^' } selected: [omni.usd.libs-1.0.1] Available versions:
	 - [omni.usd.libs-1.0.1+5941509b.lx64.r.cp312] (/home/mateo/github/h12_sim_exts/kit-extension-template-cpp/_build/linux-x86_64/release/extscache/omni.usd.libs-1.0.1+5941509b.lx64.r.cp312)
[ext: omni.usd.schema.omnigraph-1.0.0] deps:
 -> 'omni.usd.libs' = { version='^' } selected: [omni.usd.libs-1.0.1] Available versions:
	 - [omni.usd.libs-1.0.1+5941509b.lx64.r.cp312] (/home/mateo/github/h12_sim_exts/kit-extension-template-cpp/_build/linux-x86_64/release/extscache/omni.usd.libs-1.0.1+5941509b.lx64.r.cp312)
[ext: omni.usd.schema.audio-0.0.0] deps:
 -> 'omni.usd.libs' = { version='^' } selected: [omni.usd.libs-1.0.1] Available versions:
	 - [omni.usd.libs-1.0.1+5941509b.lx64.r.cp312] (/home/mateo/github/h12_sim_exts/kit-extension-template-cpp/_build/linux-x86_64/release/extscache/omni.usd.libs-1.0.1+5941509b.lx64.r.cp312)
[ext: omni.kit.uiapp-0.0.0] deps:
 -> 'omni.kit.mainwindow' = { version='^' } selected: [omni.kit.mainwindow-1.0.3] Available versions:
	 - [omni.kit.mainwindow-1.0.3+5941509b] (/home/mateo/github/h12_sim_exts/kit-extension-template-cpp/_build/linux-x86_64/release/extscache/omni.kit.mainwindow-1.0.3+5941509b)
 -> 'omni.kit.renderer.core' = { version='^' } selected: [omni.kit.renderer.core-1.1.1] Available versions:
	 - [omni.kit.renderer.core-1.1.1+5941509b.lx64.r.cp312] (/home/mateo/github/h12_sim_exts/kit-extension-template-cpp/_build/linux-x86_64/release/extscache/omni.kit.renderer.core-1.1.1+5941509b.lx64.r.cp312)
 -> 'omni.uiaudio' = { version='^' } selected: [omni.uiaudio-1.0.0] Available versions:
	 - [omni.uiaudio-1.0.0+5941509b.lx64.r.cp312] (/home/mateo/github/h12_sim_exts/kit-extension-template-cpp/_build/linux-x86_64/release/extscache/omni.uiaudio-1.0.0+5941509b.lx64.r.cp312)
[ext: omni.uiaudio-1.0.0] deps:
 -> 'carb.audio' = { version='^' } selected: [carb.audio-0.1.0] Available versions:
	 - [carb.audio-0.1.0+5941509b.lx64.r.cp311.cp312] (/home/mateo/github/h12_sim_exts/kit-extension-template-cpp/_build/linux-x86_64/release/extscache/carb.audio-0.1.0+5941509b.lx64.r.cp312)
[ext: carb.audio-0.1.0] deps:
 -> 'omni.assets.plugins' = { version='^' } selected: [omni.assets.plugins-0.0.0] Available versions:
	 - [omni.assets.plugins-0.0.0+5941509b.lx64.r] (/home/mateo/github/h12_sim_exts/kit-extension-template-cpp/_build/linux-x86_64/release/extscache/omni.assets.plugins-0.0.0+5941509b.lx64.r)
[ext: omni.kit.mainwindow-1.0.3] deps:
 -> 'omni.ui' = { version='^' } selected: [omni.ui-2.27.2] Available versions:
	 - [omni.ui-2.27.2+5941509b.lx64.r.cp312] (/home/mateo/github/h12_sim_exts/kit-extension-template-cpp/_build/linux-x86_64/release/extscache/omni.ui-2.27.2+5941509b.lx64.r.cp312)
[ext: omni.ui-2.27.2] deps:
 -> 'omni.appwindow' = { version='^' } selected: [omni.appwindow-1.2.0] Available versions:
	 - [omni.appwindow-1.2.0+5941509b.lx64.r.cp312] (/home/mateo/github/h12_sim_exts/kit-extension-template-cpp/_build/linux-x86_64/release/extscache/omni.appwindow-1.2.0+5941509b.lx64.r.cp312)
 -> 'omni.kit.renderer.imgui' = { version='^' } selected: [omni.kit.renderer.imgui-2.0.6] Available versions:
	 - [omni.kit.renderer.imgui-2.0.6+5941509b.lx64.r.cp312] (/home/mateo/github/h12_sim_exts/kit-extension-template-cpp/_build/linux-x86_64/release/extscache/omni.kit.renderer.imgui-2.0.6+5941509b.lx64.r.cp312)
[ext: omni.kit.renderer.imgui-2.0.6] deps:
 -> 'omni.appwindow' = { version='^' } selected: [omni.appwindow-1.2.0] Available versions:
	 - [omni.appwindow-1.2.0+5941509b.lx64.r.cp312] (/home/mateo/github/h12_sim_exts/kit-extension-template-cpp/_build/linux-x86_64/release/extscache/omni.appwindow-1.2.0+5941509b.lx64.r.cp312)
 -> 'omni.kit.renderer.capture' = { version='^' } selected: [omni.kit.renderer.capture-1.0.2] Available versions:
	 - [omni.kit.renderer.capture-1.0.2+5941509b.lx64.r.cp312] (/home/mateo/github/h12_sim_exts/kit-extension-template-cpp/_build/linux-x86_64/release/extscache/omni.kit.renderer.capture-1.0.2+5941509b.lx64.r.cp312)
 -> 'omni.kit.renderer.core' = { version='^' } selected: [omni.kit.renderer.core-1.1.1] Available versions:
	 - [omni.kit.renderer.core-1.1.1+5941509b.lx64.r.cp312] (/home/mateo/github/h12_sim_exts/kit-extension-template-cpp/_build/linux-x86_64/release/extscache/omni.kit.renderer.core-1.1.1+5941509b.lx64.r.cp312)
[ext: omni.kit.renderer.capture-1.0.2] deps:
 -> 'omni.kit.renderer.core' = { version='^' } selected: [omni.kit.renderer.core-1.1.1] Available versions:
	 - [omni.kit.renderer.core-1.1.1+5941509b.lx64.r.cp312] (/home/mateo/github/h12_sim_exts/kit-extension-template-cpp/_build/linux-x86_64/release/extscache/omni.kit.renderer.core-1.1.1+5941509b.lx64.r.cp312)
[ext: omni.kit.renderer.core-1.1.1] deps:
 -> 'omni.appwindow' = { version='^' } selected: [omni.appwindow-1.2.0] Available versions:
	 - [omni.appwindow-1.2.0+5941509b.lx64.r.cp312] (/home/mateo/github/h12_sim_exts/kit-extension-template-cpp/_build/linux-x86_64/release/extscache/omni.appwindow-1.2.0+5941509b.lx64.r.cp312)
 -> 'omni.client' = { version='^' } selected: [omni.client-1.3.0] Available versions:
	 - [omni.client-1.3.0+5941509b.lx64.r] (/home/mateo/github/h12_sim_exts/kit-extension-template-cpp/_build/linux-x86_64/release/extscache/omni.client-1.3.0+5941509b.lx64.r)
 -> 'omni.kit.renderer.init' = { version='^' } selected: [omni.kit.renderer.init-0.0.0] Available versions:
	 - [omni.kit.renderer.init-0.0.0+5941509b.lx64.r] (/home/mateo/github/h12_sim_exts/kit-extension-template-cpp/_build/linux-x86_64/release/extscache/omni.kit.renderer.init-0.0.0+5941509b.lx64.r)
[ext: omni.appwindow-1.2.0] deps:
 -> 'carb.windowing.plugins' = { version='^' } selected: [carb.windowing.plugins-1.0.0] Available versions:
	 - [carb.windowing.plugins-1.0.0+5941509b.lx64.r] (/home/mateo/github/h12_sim_exts/kit-extension-template-cpp/_build/linux-x86_64/release/extscache/carb.windowing.plugins-1.0.0+5941509b.lx64.r)
 -> 'omni.kit.loop' = { version='^' } selected: [omni.kit.loop-default-0.2.2] Available versions:
	 (none found)
[ext: omni.usd.libs-1.0.1] deps:
 -> 'omni.gpucompute.plugins' = { version='^' optional=true  } selected: [omni.gpucompute.plugins-0.0.0] Available versions:
	 - [omni.gpucompute.plugins-0.0.0+5941509b.lx64.r] (/home/mateo/github/h12_sim_exts/kit-extension-template-cpp/_build/linux-x86_64/release/extscache/omni.gpucompute.plugins-0.0.0+5941509b.lx64.r)
 -> 'omni.usd.config' = { version='^' } selected: [omni.usd.config-1.0.6] Available versions:
	 - [omni.usd.config-1.0.6+5941509b] (/home/mateo/github/h12_sim_exts/kit-extension-template-cpp/_build/linux-x86_64/release/extscache/omni.usd.config-1.0.6+5941509b)
[ext: omni.gpucompute.plugins-0.0.0] deps:
 -> 'omni.gpu_foundation' = { version='^' } selected: [omni.gpu_foundation-0.0.0] Available versions:
	 - [omni.gpu_foundation-0.0.0+5941509b.lx64.r.cp312] (/home/mateo/github/h12_sim_exts/kit-extension-template-cpp/_build/linux-x86_64/release/extscache/omni.gpu_foundation-0.0.0+5941509b.lx64.r.cp312)
[ext: omni.usd.config-1.0.6] no deps
[ext: omni.kit.test-2.0.1] deps:
 -> 'omni.kit.async_engine' = { version='^' } selected: [omni.kit.async_engine-0.0.3] Available versions:
	 - [omni.kit.async_engine-0.0.3] (/home/mateo/.cache/packman/chk/kit-kernel/108.0.0+feature.221586.5941509b.gl.manylinux_2_35_x86_64.release/extscore/omni.kit.async_engine)
 -> 'omni.kit.loop' = { version='^' } selected: [omni.kit.loop-default-0.2.2] Available versions:
	 (none found)
 -> 'omni.kit.pip_archive' = { version='^' } selected: [omni.kit.pip_archive-0.0.0] Available versions:
	 - [omni.kit.pip_archive-0.0.0+5941509b.lx64.cp312] (/home/mateo/github/h12_sim_exts/kit-extension-template-cpp/_build/linux-x86_64/release/extscache/omni.kit.pip_archive-0.0.0+5941509b.lx64.cp312)
[ext: omni.kit.loop-default-0.2.2] no deps
[ext: omni.kit.pip_archive-0.0.0] deps:
 -> 'omni.kit.pipapi' = { version='^' } selected: [omni.kit.pipapi-0.0.0] Available versions:
	 - [omni.kit.pipapi-0.0.0+5941509b] (/home/mateo/github/h12_sim_exts/kit-extension-template-cpp/_build/linux-x86_64/release/extscache/omni.kit.pipapi-0.0.0+5941509b)
[ext: omni.kit.pipapi-0.0.0] no deps
[ext: omni.kit.renderer.init-0.0.0] deps:
 -> 'carb.windowing.plugins' = { version='^' } selected: [carb.windowing.plugins-1.0.0] Available versions:
	 - [carb.windowing.plugins-1.0.0+5941509b.lx64.r] (/home/mateo/github/h12_sim_exts/kit-extension-template-cpp/_build/linux-x86_64/release/extscache/carb.windowing.plugins-1.0.0+5941509b.lx64.r)
 -> 'omni.assets.plugins' = { version='^' } selected: [omni.assets.plugins-0.0.0] Available versions:
	 - [omni.assets.plugins-0.0.0+5941509b.lx64.r] (/home/mateo/github/h12_sim_exts/kit-extension-template-cpp/_build/linux-x86_64/release/extscache/omni.assets.plugins-0.0.0+5941509b.lx64.r)
 -> 'omni.gpu_foundation' = { version='^' } selected: [omni.gpu_foundation-0.0.0] Available versions:
	 - [omni.gpu_foundation-0.0.0+5941509b.lx64.r.cp312] (/home/mateo/github/h12_sim_exts/kit-extension-template-cpp/_build/linux-x86_64/release/extscache/omni.gpu_foundation-0.0.0+5941509b.lx64.r.cp312)
[ext: carb.windowing.plugins-1.0.0] no deps
[ext: omni.gpu_foundation-0.0.0] deps:
 -> 'omni.assets.plugins' = { version='^' } selected: [omni.assets.plugins-0.0.0] Available versions:
	 - [omni.assets.plugins-0.0.0+5941509b.lx64.r] (/home/mateo/github/h12_sim_exts/kit-extension-template-cpp/_build/linux-x86_64/release/extscache/omni.assets.plugins-0.0.0+5941509b.lx64.r)
 -> 'omni.client' = { version='^' optional=true  } selected: [omni.client-1.3.0] Available versions:
	 - [omni.client-1.3.0+5941509b.lx64.r] (/home/mateo/github/h12_sim_exts/kit-extension-template-cpp/_build/linux-x86_64/release/extscache/omni.client-1.3.0+5941509b.lx64.r)
 -> 'omni.gpu_foundation.shadercache.vulkan' = { version='^' } selected: [omni.gpu_foundation.shadercache.vulkan-1.0.0] Available versions:
	 - [omni.gpu_foundation.shadercache.vulkan-1.0.0+5941509b.lx64.r] (/home/mateo/github/h12_sim_exts/kit-extension-template-cpp/_build/linux-x86_64/release/extscache/omni.gpu_foundation.shadercache.vulkan-1.0.0+5941509b.lx64.r)
 -> 'omni.stats' = { version='^' } selected: [omni.stats-1.0.1] Available versions:
	 - [omni.stats-1.0.1+5941509b.lx64.r.cp312] (/home/mateo/github/h12_sim_exts/kit-extension-template-cpp/_build/linux-x86_64/release/extscache/omni.stats-1.0.1+5941509b.lx64.r.cp312)
 -> 'omni.ujitso.default' = { version='^' optional=true  } selected: [omni.ujitso.default-1.0.0] Available versions:
	 - [omni.ujitso.default-1.0.0+5941509b.lx64.r.cp312] (/home/mateo/github/h12_sim_exts/kit-extension-template-cpp/_build/linux-x86_64/release/extscache/omni.ujitso.default-1.0.0+5941509b.lx64.r.cp312)
[ext: omni.assets.plugins-0.0.0] no deps
[ext: omni.gpu_foundation.shadercache.vulkan-1.0.0] no deps
[ext: omni.ujitso.default-1.0.0] deps:
 -> 'omni.blobkey' = { version='^' } selected: [omni.blobkey-1.1.2] Available versions:
	 - [omni.blobkey-1.1.2+5941509b.lx64.r] (/home/mateo/github/h12_sim_exts/kit-extension-template-cpp/_build/linux-x86_64/release/extscache/omni.blobkey-1.1.2+5941509b.lx64.r)
 -> 'omni.client' = { version='^' } selected: [omni.client-1.3.0] Available versions:
	 - [omni.client-1.3.0+5941509b.lx64.r] (/home/mateo/github/h12_sim_exts/kit-extension-template-cpp/_build/linux-x86_64/release/extscache/omni.client-1.3.0+5941509b.lx64.r)
 -> 'omni.datastore' = { version='^' } selected: [omni.datastore-0.0.0] Available versions:
	 - [omni.datastore-0.0.0+5941509b.lx64.r] (/home/mateo/github/h12_sim_exts/kit-extension-template-cpp/_build/linux-x86_64/release/extscache/omni.datastore-0.0.0+5941509b.lx64.r)
 -> 'omni.stats' = { version='^' } selected: [omni.stats-1.0.1] Available versions:
	 - [omni.stats-1.0.1+5941509b.lx64.r.cp312] (/home/mateo/github/h12_sim_exts/kit-extension-template-cpp/_build/linux-x86_64/release/extscache/omni.stats-1.0.1+5941509b.lx64.r.cp312)
[ext: omni.client-1.3.0] deps:
 -> 'omni.client.lib' = { version='^' } selected: [omni.client.lib-1.1.0] Available versions:
	 - [omni.client.lib-1.1.0+lx64.r.cp312] (/home/mateo/.cache/packman/chk/kit-kernel/108.0.0+feature.221586.5941509b.gl.manylinux_2_35_x86_64.release/extscore/omni.client.lib)
[ext: omni.datastore-0.0.0] deps:
 -> 'omni.blobkey' = { version='^' } selected: [omni.blobkey-1.1.2] Available versions:
	 - [omni.blobkey-1.1.2+5941509b.lx64.r] (/home/mateo/github/h12_sim_exts/kit-extension-template-cpp/_build/linux-x86_64/release/extscache/omni.blobkey-1.1.2+5941509b.lx64.r)
 -> 'omni.grpc.lib' = { version='^' } selected: [omni.grpc.lib-1.0.0] Available versions:
	 - [omni.grpc.lib-1.0.0+5941509b.lx64.r] (/home/mateo/github/h12_sim_exts/kit-extension-template-cpp/_build/linux-x86_64/release/extscache/omni.grpc.lib-1.0.0+5941509b.lx64.r)
 -> 'omni.metrics.core' = { version='^' } selected: [omni.metrics.core-0.0.3] Available versions:
	 - [omni.metrics.core-0.0.3+5941509b.lx64.r] (/home/mateo/github/h12_sim_exts/kit-extension-template-cpp/_build/linux-x86_64/release/extscache/omni.metrics.core-0.0.3+5941509b.lx64.r)
[ext: omni.stats-1.0.1] no deps
[ext: omni.blobkey-1.1.2] no deps
[ext: omni.metrics.core-0.0.3] no deps
[ext: omni.client.lib-1.1.0] deps:
 -> 'omni.kit.async_engine' = { version='^' } selected: [omni.kit.async_engine-0.0.3] Available versions:
	 - [omni.kit.async_engine-0.0.3] (/home/mateo/.cache/packman/chk/kit-kernel/108.0.0+feature.221586.5941509b.gl.manylinux_2_35_x86_64.release/extscore/omni.kit.async_engine)
[ext: omni.grpc.lib-1.0.0] deps:
 -> 'omni.protobuf.lib' = { version='^' } selected: [omni.protobuf.lib-1.0.0] Available versions:
	 - [omni.protobuf.lib-1.0.0+5941509b.lx64.r] (/home/mateo/github/h12_sim_exts/kit-extension-template-cpp/_build/linux-x86_64/release/extscache/omni.protobuf.lib-1.0.0+5941509b.lx64.r)
[ext: omni.kit.async_engine-0.0.3] no deps
[ext: omni.protobuf.lib-1.0.0] no deps
 Synced registries:
	 (none)

2025-11-11T01:55:52Z [75ms] [Info] [omni.ext.plugin] Extension precache successful! Exiting an app.
2025-11-11T01:55:52Z [76ms] [Info] [omni.ext.plugin] Kit file: 'exts.deps.generated-0.0.0' (path: '/home/mateo/github/h12_sim_exts/kit-extension-template-cpp/source/apps/exts.deps.generated.kit') already contains: 'settings/app/exts/enabled' key, skip version lock.
2025-11-11T01:55:52Z [76ms] [Info] [omni.kit.app.plugin] No run loop was found, quitting...
2025-11-11T01:55:52Z [76ms] [Info] [omni.kit.app.plugin] Application auto-quits as it worked for the specified number of frames: 0
2025-11-11T01:55:52Z [76ms] [Info] [omni.kit.app.plugin] app started
2025-11-11T01:55:52Z [76ms] [Info] [carb.crashreporter-breakpad.plugin] enabled: false
